PRISM
=====

Version: 4.3.1
Date: Tue Apr 25 17:12:39 CST 2017
Hostname: cu13
Memory limits: cudd=1g, java(heap)=56.9g
Command line: prism 19.model temp.prop -ptamethod games

Parsing model file "19.model"...

Parsing properties file "temp.prop"...

4 properties:
(1) Pmax=? [ F q=20 ]
(2) Pmin=? [ F q=20 ]
(3) Pmax=? [ F q=21 ]
(4) Pmin=? [ F q=21 ]

Type:        PTA
Modules:     main 
Variables:   z q y x l 

---------------------------------------------------------------------

Model checking: Pmax=? [ F q=20 ]

Building PTA...

PTA: 3 clocks, 39 locations, 57 transitions
Target (q=20) satisfied by 1 locations.

Building initial STPG...

Building forwards reachability graph... 257910 508880 states
Graph constructed in 5.765 secs.
Graph: 508880 symbolic states (1 initial, 120 target)

Model checking STPG...
STPG model checked in 46.909 secs.
501715/508880 states converged.
Diff across 1 initial state: 0.03872953234090737
Lower/upper bounds for 1 initial state: 0.9540704148868352 - 0.9927999472277426
Max diff over all states: 0.9999870399999999
1850 refineable states.

Refinement 1...
1793 states successfully refined in 43.495 secs.
5403+0=5403 states of STPG rebuilt in 0.0 secs.
New STPG has 510673 states.

Model checking STPG...
STPG model checked in 39.629 secs.
503619/510673 states converged.
Diff across 1 initial state: 0.038729532030214564
Lower/upper bounds for 1 initial state: 0.954070415197528 - 0.9927999472277426
Max diff over all states: 0.9999870399999999
3499 refineable states.

Refinement 2...
1754 states successfully refined in 43.25 secs.
5520+0=5520 states of STPG rebuilt in 0.0 secs.
New STPG has 512483 states.

Model checking STPG...
STPG model checked in 44.533 secs.
506748/512483 states converged.
Diff across 1 initial state: 8.286457076067677E-10
Lower/upper bounds for 1 initial state: 0.9927999483594997 - 0.9927999491881454

Initial STPG: 508880 states (1 initial), 996859 transitions, 514596 choices, 512626 choice sets, p1max/avg = 7/1.01, p2max/avg = 3/1.00
Final STPG: 512483 states (1 initial), 1021295 transitions, 526814 choices, 519754 choice sets, p1max/avg = 19/1.01, p2max/avg = 3/1.01

Terminated after 2 refinements in 232.10 secs.

Abstraction-refinement time breakdown:
* 14.24 secs (6.1%) = Building initial STPG
* 0.00 secs (0.0%) = Rebuilding STPG (2 x avg 0.00 secs)
* 131.07 secs (56.5%) = model checking STPG (3 x avg 43.69 secs) (lb=47.8%) (prob0=21.0%) (pre=99.5%) (iters=176)
* 86.75 secs (37.4%) = refinement (2 x avg 43.37 secs)

Final diff across 1 initial state: 8.286457076067677E-10
Final lower/upper bounds for 1 initial state: 0.9927999483594997 - 0.9927999491881454

Model checking completed in 232.174 secs.

Result (maximum probability): 0.9927999487738226

---------------------------------------------------------------------

Model checking: Pmin=? [ F q=20 ]

Building PTA...

PTA: 3 clocks, 39 locations, 57 transitions
Target (q=20) satisfied by 1 locations.

Building initial STPG...

Building forwards reachability graph... 326819 508880 states
Graph constructed in 5.019 secs.
Graph: 508880 symbolic states (1 initial, 120 target)

Model checking STPG...
STPG model checked in 53.63 secs.
501748/508880 states converged.
Diff across 1 initial state: 0.03872953234090737
Lower/upper bounds for 1 initial state: 0.9540704148868352 - 0.9927999472277426
Max diff over all states: 0.9999870399999999
1837 refineable states.

Refinement 1...
1782 states successfully refined in 70.122 secs.
5370+0=5370 states of STPG rebuilt in 0.0 secs.
New STPG has 510662 states.

Model checking STPG...
STPG model checked in 38.251 secs.
506038/510662 states converged.
Diff across 1 initial state: 0.0
Lower/upper bounds for 1 initial state: 0.954070415197528 - 0.954070415197528

Initial STPG: 508880 states (1 initial), 996859 transitions, 514596 choices, 512626 choice sets, p1max/avg = 7/1.01, p2max/avg = 3/1.00
Final STPG: 510662 states (1 initial), 1004211 transitions, 518272 choices, 514485 choice sets, p1max/avg = 7/1.01, p2max/avg = 3/1.01

Terminated after 1 refinements in 175.03 secs.

Abstraction-refinement time breakdown:
* 13.02 secs (7.4%) = Building initial STPG
* 0.00 secs (0.0%) = Rebuilding STPG (1 x avg 0.00 secs)
* 91.88 secs (52.5%) = model checking STPG (2 x avg 45.94 secs) (lb=50.7%) (prob0=23.5%) (pre=99.7%) (iters=105)
* 70.12 secs (40.1%) = refinement (1 x avg 70.12 secs)

Final diff across 1 initial state: 0.0
Final lower/upper bounds for 1 initial state: 0.954070415197528 - 0.954070415197528

Model checking completed in 175.043 secs.

Result (minimum probability): 0.954070415197528

---------------------------------------------------------------------

Model checking: Pmax=? [ F q=21 ]

Building PTA...

PTA: 3 clocks, 39 locations, 57 transitions
Target (q=21) satisfied by 19 locations.

Building initial STPG...

Building forwards reachability graph... 353648 398162 states
Graph constructed in 3.461 secs.
Graph: 398162 symbolic states (1 initial, 194483 target)

Model checking STPG...
STPG model checked in 35.798 secs.
391030/398162 states converged.
Diff across 1 initial state: 0.03872953397822898
Lower/upper bounds for 1 initial state: 0.0072000507928368295 - 0.04592958477106581
Max diff over all states: 0.99998704
1837 refineable states.

Refinement 1...
1782 states successfully refined in 60.476 secs.
5370+0=5370 states of STPG rebuilt in 0.0 secs.
New STPG has 399944 states.

Model checking STPG...
STPG model checked in 0.938 secs.
395320/399944 states converged.
Diff across 1 initial state: 2.7716058614846162E-11
Lower/upper bounds for 1 initial state: 0.04592958477075815 - 0.045929584798474206

Initial STPG: 398162 states (1 initial), 418910 transitions, 209515 choices, 207545 choice sets, p1max/avg = 7/0.52, p2max/avg = 3/1.01
Final STPG: 399944 states (1 initial), 426262 transitions, 213191 choices, 209404 choice sets, p1max/avg = 7/0.52, p2max/avg = 3/1.02

Terminated after 1 refinements in 103.59 secs.

Abstraction-refinement time breakdown:
* 6.37 secs (6.1%) = Building initial STPG
* 0.00 secs (0.0%) = Rebuilding STPG (1 x avg 0.00 secs)
* 36.74 secs (35.5%) = model checking STPG (2 x avg 18.37 secs) (lb=54.2%) (prob0=4.1%) (pre=99.2%) (iters=140)
* 60.48 secs (58.4%) = refinement (1 x avg 60.48 secs)

Final diff across 1 initial state: 2.7716058614846162E-11
Final lower/upper bounds for 1 initial state: 0.04592958477075815 - 0.045929584798474206

Model checking completed in 103.599 secs.

Result (maximum probability): 0.04592958478461617

---------------------------------------------------------------------

Model checking: Pmin=? [ F q=21 ]

Building PTA...

PTA: 3 clocks, 39 locations, 57 transitions
Target (q=21) satisfied by 19 locations.

Building initial STPG...

Building forwards reachability graph... 309316 398162 states
Graph constructed in 4.008 secs.
Graph: 398162 symbolic states (1 initial, 194483 target)

Model checking STPG...
STPG model checked in 35.468 secs.
390997/398162 states converged.
Diff across 1 initial state: 0.03872953397822898
Lower/upper bounds for 1 initial state: 0.0072000507928368295 - 0.04592958477106581
Max diff over all states: 0.99998704
1850 refineable states.

Refinement 1...
1793 states successfully refined in 22.604 secs.
5403+0=5403 states of STPG rebuilt in 0.0 secs.
New STPG has 399955 states.

Model checking STPG...
STPG model checked in 0.935 secs.
392901/399955 states converged.
Diff across 1 initial state: 0.03872953397070787
Lower/upper bounds for 1 initial state: 0.007200050800357941 - 0.04592958477106581
Max diff over all states: 0.99998704
3499 refineable states.

Refinement 2...
1754 states successfully refined in 34.861 secs.
5520+0=5520 states of STPG rebuilt in 0.0 secs.
New STPG has 401765 states.

Model checking STPG...
STPG model checked in 1.441 secs.
396030/401765 states converged.
Diff across 1 initial state: 8.256579447918355E-12
Lower/upper bounds for 1 initial state: 0.007200050794701601 - 0.00720005080295818

Initial STPG: 398162 states (1 initial), 418910 transitions, 209515 choices, 207545 choice sets, p1max/avg = 7/0.52, p2max/avg = 3/1.01
Final STPG: 401765 states (1 initial), 443346 transitions, 221733 choices, 214673 choice sets, p1max/avg = 19/0.53, p2max/avg = 3/1.03

Terminated after 2 refinements in 102.19 secs.

Abstraction-refinement time breakdown:
* 6.87 secs (6.7%) = Building initial STPG
* 0.00 secs (0.0%) = Rebuilding STPG (2 x avg 0.00 secs)
* 37.84 secs (37.0%) = model checking STPG (3 x avg 12.61 secs) (lb=54.3%) (prob0=4.2%) (pre=98.7%) (iters=180)
* 57.46 secs (56.2%) = refinement (2 x avg 28.73 secs)

Final diff across 1 initial state: 8.256579447918355E-12
Final lower/upper bounds for 1 initial state: 0.007200050794701601 - 0.00720005080295818

Model checking completed in 102.202 secs.

Result (minimum probability): 0.007200050798829891

