This is pdfTeX, Version 3.14159265-2.6-1.40.17 (TeX Live 2016) (preloaded format=latex 2017.3.21)  28 FEB 2018 17:14
entering extended mode
 restricted \write18 enabled.
 %&-line parsing enabled.
**llncs.cls
(./llncs.cls
LaTeX2e <2016/03/31>
Babel <3.9r> and hyphenation patterns for 83 language(s) loaded.

LaTeX Warning: You have requested package `',
               but the package provides `llncs'.

Package: llncs 2017/09/04 v2.19 
 LaTeX document class for Lecture Notes in Computer Science

! LaTeX Error: Missing \begin{document}.

See the LaTeX manual or LaTeX Companion for explanation.
Type  H <return>  for immediate help.
 ...                                              
                                                  
l.25 \let\if@e
              nvcntreset\iffalse
? 
! Emergency stop.
 ...                                              
                                                  
l.25 \let\if@e
              nvcntreset\iffalse
You're in trouble here.  Try typing  <return>  to proceed.
If that doesn't work, type  X <return>  to quit.

 
Here is how much of TeX's memory you used:
 8 strings out of 493015
 261 string characters out of 6133377
 53598 words of memory out of 5000000
 3649 multiletter control sequences out of 15000+600000
 3640 words of font info for 14 fonts, out of 8000000 for 9000
 1141 hyphenation exceptions out of 8191
 7i,0n,8p,83b,14s stack positions out of 5000i,500n,10000p,200000b,80000s
No pages of output.
