PRISM
=====

Version: 4.3.1
Date: Tue Apr 25 15:00:12 CST 2017
Hostname: liyi-OptiPlex-9020
Memory limits: cudd=1g, java(heap)=7.1g
Command line: prism 09.model temp.prop -ptamethod games

Parsing model file "09.model"...

Parsing properties file "temp.prop"...

4 properties:
(1) Pmax=? [ F q=10 ]
(2) Pmin=? [ F q=10 ]
(3) Pmax=? [ F q=11 ]
(4) Pmin=? [ F q=11 ]

Type:        PTA
Modules:     main 
Variables:   z x l q y 

---------------------------------------------------------------------

Model checking: Pmax=? [ F q=10 ]

Building PTA...

PTA: 3 clocks, 19 locations, 27 transitions
Target (q=10) satisfied by 1 locations.

Building initial STPG...

Building forwards reachability graph... 51235 states
Graph constructed in 1.719 secs.
Graph: 51235 symbolic states (1 initial, 100 target)

Model checking STPG...
STPG model checked in 3.006 secs.
50095/51235 states converged.
Diff across 1 initial state: 0.016970817730641463
Lower/upper bounds for 1 initial state: 0.9801259889821506 - 0.9970968067127921
Max diff over all states: 0.948873750226242
285 refineable states.

Refinement 1...
285 states successfully refined in 0.559 secs.
855+0=855 states of STPG rebuilt in 0.0 secs.
New STPG has 51520 states.

Model checking STPG...
STPG model checked in 1.203 secs.
50461/51520 states converged.
Diff across 1 initial state: 0.016970817492840684
Lower/upper bounds for 1 initial state: 0.9801259892199514 - 0.9970968067127921
Max diff over all states: 0.1480726045442342
489 refineable states.

Refinement 2...
285 states successfully refined in 0.393 secs.
855+0=855 states of STPG rebuilt in 0.0 secs.
New STPG has 51805 states.

Model checking STPG...
STPG model checked in 1.42 secs.
51805/51805 states converged.
Diff across 1 initial state: 3.9425951392502157E-10
Lower/upper bounds for 1 initial state: 0.9970968067830959 - 0.9970968071773554

Initial STPG: 51235 states (1 initial), 95679 transitions, 51990 choices, 51705 choice sets, p1max/avg = 3/1.01, p2max/avg = 2/1.01
Final STPG: 51805 states (1 initial), 98529 transitions, 53415 choices, 52560 choice sets, p1max/avg = 3/1.01, p2max/avg = 2/1.02

Terminated after 2 refinements in 10.85 secs.

Abstraction-refinement time breakdown:
* 4.23 secs (39.0%) = Building initial STPG
* 0.00 secs (0.0%) = Rebuilding STPG (2 x avg 0.00 secs)
* 5.63 secs (51.9%) = model checking STPG (3 x avg 1.88 secs) (lb=64.5%) (prob0=20.9%) (pre=98.2%) (iters=89)
* 0.95 secs (8.8%) = refinement (2 x avg 0.48 secs)

Final diff across 1 initial state: 3.9425951392502157E-10
Final lower/upper bounds for 1 initial state: 0.9970968067830959 - 0.9970968071773554

Model checking completed in 10.935 secs.

Result (maximum probability): 0.9970968069802256

---------------------------------------------------------------------

Model checking: Pmin=? [ F q=10 ]

Building PTA...

PTA: 3 clocks, 19 locations, 27 transitions
Target (q=10) satisfied by 1 locations.

Building initial STPG...

Building forwards reachability graph... 32110 51235 states
Graph constructed in 4.473 secs.
Graph: 51235 symbolic states (1 initial, 100 target)

Model checking STPG...
STPG model checked in 2.337 secs.
50095/51235 states converged.
Diff across 1 initial state: 0.016970817730641463
Lower/upper bounds for 1 initial state: 0.9801259889821506 - 0.9970968067127921
Max diff over all states: 0.948873750226242
285 refineable states.

Refinement 1...
285 states successfully refined in 0.811 secs.
855+0=855 states of STPG rebuilt in 0.0 secs.
New STPG has 51520 states.

Model checking STPG...
STPG model checked in 0.835 secs.
51520/51520 states converged.
Diff across 1 initial state: 4.714006962558415E-13
Lower/upper bounds for 1 initial state: 0.9801259892199514 - 0.9801259892204228

Initial STPG: 51235 states (1 initial), 95679 transitions, 51990 choices, 51705 choice sets, p1max/avg = 3/1.01, p2max/avg = 2/1.01
Final STPG: 51520 states (1 initial), 96819 transitions, 52560 choices, 51990 choice sets, p1max/avg = 3/1.01, p2max/avg = 2/1.01

Terminated after 1 refinements in 9.04 secs.

Abstraction-refinement time breakdown:
* 5.05 secs (55.9%) = Building initial STPG
* 0.00 secs (0.0%) = Rebuilding STPG (1 x avg 0.00 secs)
* 3.17 secs (35.1%) = model checking STPG (2 x avg 1.59 secs) (lb=48.8%) (prob0=39.9%) (pre=99.2%) (iters=46)
* 0.81 secs (9.0%) = refinement (1 x avg 0.81 secs)

Final diff across 1 initial state: 4.714006962558415E-13
Final lower/upper bounds for 1 initial state: 0.9801259892199514 - 0.9801259892204228

Model checking completed in 9.066 secs.

Result (minimum probability): 0.9801259892201871

---------------------------------------------------------------------

Model checking: Pmax=? [ F q=11 ]

Building PTA...

PTA: 3 clocks, 19 locations, 27 transitions
Target (q=11) satisfied by 9 locations.

Building initial STPG...

Building forwards reachability graph... 43135 states
Graph constructed in 0.397 secs.
Graph: 43135 symbolic states (1 initial, 20805 target)

Model checking STPG...
STPG model checked in 2.884 secs.
41995/43135 states converged.
Diff across 1 initial state: 0.016970818003933276
Lower/upper bounds for 1 initial state: 0.002903192774404261 - 0.019874010778337538
Max diff over all states: 0.9488737502262421
285 refineable states.

Refinement 1...
285 states successfully refined in 1.539 secs.
855+0=855 states of STPG rebuilt in 0.0 secs.
New STPG has 43420 states.

Model checking STPG...
STPG model checked in 0.236 secs.
43420/43420 states converged.
Diff across 1 initial state: 1.1711777381240296E-12
Lower/upper bounds for 1 initial state: 0.019874010778337538 - 0.019874010779508716

Initial STPG: 43135 states (1 initial), 46270 transitions, 23185 choices, 22900 choice sets, p1max/avg = 3/0.53, p2max/avg = 2/1.01
Final STPG: 43420 states (1 initial), 47410 transitions, 23755 choices, 23185 choice sets, p1max/avg = 3/0.53, p2max/avg = 2/1.02

Terminated after 1 refinements in 5.94 secs.

Abstraction-refinement time breakdown:
* 1.28 secs (21.6%) = Building initial STPG
* 0.00 secs (0.0%) = Rebuilding STPG (1 x avg 0.00 secs)
* 3.12 secs (52.5%) = model checking STPG (2 x avg 1.56 secs) (lb=52.3%) (prob0=8.0%) (pre=96.0%) (iters=69)
* 1.54 secs (25.9%) = refinement (1 x avg 1.54 secs)

Final diff across 1 initial state: 1.1711777381240296E-12
Final lower/upper bounds for 1 initial state: 0.019874010778337538 - 0.019874010779508716

Model checking completed in 5.945 secs.

Result (maximum probability): 0.019874010778923125

---------------------------------------------------------------------

Model checking: Pmin=? [ F q=11 ]

Building PTA...

PTA: 3 clocks, 19 locations, 27 transitions
Target (q=11) satisfied by 9 locations.

Building initial STPG...

Building forwards reachability graph... 43135 states
Graph constructed in 1.357 secs.
Graph: 43135 symbolic states (1 initial, 20805 target)

Model checking STPG...
STPG model checked in 1.345 secs.
41995/43135 states converged.
Diff across 1 initial state: 0.016970818003933276
Lower/upper bounds for 1 initial state: 0.002903192774404261 - 0.019874010778337538
Max diff over all states: 0.9488737502262421
285 refineable states.

Refinement 1...
285 states successfully refined in 0.739 secs.
855+0=855 states of STPG rebuilt in 0.0 secs.
New STPG has 43420 states.

Model checking STPG...
STPG model checked in 0.085 secs.
42361/43420 states converged.
Diff across 1 initial state: 0.016970818002998496
Lower/upper bounds for 1 initial state: 0.002903192775339042 - 0.019874010778337538
Max diff over all states: 0.14807260454424073
489 refineable states.

Refinement 2...
285 states successfully refined in 0.775 secs.
855+0=855 states of STPG rebuilt in 0.0 secs.
New STPG has 43705 states.

Model checking STPG...
STPG model checked in 0.075 secs.
43705/43705 states converged.
Diff across 1 initial state: 8.447248976695132E-13
Lower/upper bounds for 1 initial state: 0.002903192774502794 - 0.002903192775347519

Initial STPG: 43135 states (1 initial), 46270 transitions, 23185 choices, 22900 choice sets, p1max/avg = 3/0.53, p2max/avg = 2/1.01
Final STPG: 43705 states (1 initial), 49120 transitions, 24610 choices, 23755 choice sets, p1max/avg = 3/0.54, p2max/avg = 2/1.04

Terminated after 2 refinements in 4.65 secs.

Abstraction-refinement time breakdown:
* 1.63 secs (35.0%) = Building initial STPG
* 0.00 secs (0.0%) = Rebuilding STPG (2 x avg 0.00 secs)
* 1.50 secs (32.4%) = model checking STPG (3 x avg 0.50 secs) (lb=54.2%) (prob0=9.0%) (pre=97.7%) (iters=93)
* 1.51 secs (32.6%) = refinement (2 x avg 0.76 secs)

Final diff across 1 initial state: 8.447248976695132E-13
Final lower/upper bounds for 1 initial state: 0.002903192774502794 - 0.002903192775347519

Model checking completed in 4.654 secs.

Result (minimum probability): 0.0029031927749251568

