PRISM
=====

Version: 4.3.1
Date: Tue Apr 25 15:00:43 CST 2017
Hostname: liyi-OptiPlex-9020
Memory limits: cudd=1g, java(heap)=7.1g
Command line: prism 11.model temp.prop -ptamethod games

Parsing model file "11.model"...

Parsing properties file "temp.prop"...

4 properties:
(1) Pmax=? [ F q=12 ]
(2) Pmin=? [ F q=12 ]
(3) Pmax=? [ F q=13 ]
(4) Pmin=? [ F q=13 ]

Type:        PTA
Modules:     main 
Variables:   z l q y x 

---------------------------------------------------------------------

Model checking: Pmax=? [ F q=12 ]

Building PTA...

PTA: 3 clocks, 23 locations, 33 transitions
Target (q=12) satisfied by 1 locations.

Building initial STPG...

Building forwards reachability graph... 113356 states
Graph constructed in 2.316 secs.
Graph: 113356 symbolic states (1 initial, 144 target)

Model checking STPG...
STPG model checked in 4.951 secs.
111332/113356 states converged.
Diff across 1 initial state: 0.019386916859206016
Lower/upper bounds for 1 initial state: 0.9773385363682358 - 0.9967254532274418
Max diff over all states: 0.9198092288
506 refineable states.

Refinement 1...
506 states successfully refined in 1.758 secs.
1518+0=1518 states of STPG rebuilt in 0.0 secs.
New STPG has 113862 states.

Model checking STPG...
STPG model checked in 2.594 secs.
111959/113862 states converged.
Diff across 1 initial state: 0.019386916472342253
Lower/upper bounds for 1 initial state: 0.9773385367550995 - 0.9967254532274418
Max diff over all states: 0.1535331364662702
891 refineable states.

Refinement 2...
506 states successfully refined in 1.653 secs.
1518+0=1518 states of STPG rebuilt in 0.0 secs.
New STPG has 114368 states.

Model checking STPG...
STPG model checked in 3.791 secs.
114368/114368 states converged.
Diff across 1 initial state: 3.7840719446791127E-10
Lower/upper bounds for 1 initial state: 0.9967254531673553 - 0.9967254535457625

Initial STPG: 113356 states (1 initial), 213884 transitions, 114730 choices, 114224 choice sets, p1max/avg = 3/1.01, p2max/avg = 2/1.00
Final STPG: 114368 states (1 initial), 218944 transitions, 117260 choices, 115742 choice sets, p1max/avg = 3/1.01, p2max/avg = 2/1.01

Terminated after 2 refinements in 19.57 secs.

Abstraction-refinement time breakdown:
* 4.80 secs (24.5%) = Building initial STPG
* 0.00 secs (0.0%) = Rebuilding STPG (2 x avg 0.00 secs)
* 11.34 secs (57.9%) = model checking STPG (3 x avg 3.78 secs) (lb=55.5%) (prob0=20.6%) (pre=98.2%) (iters=101)
* 3.41 secs (17.4%) = refinement (2 x avg 1.71 secs)

Final diff across 1 initial state: 3.7840719446791127E-10
Final lower/upper bounds for 1 initial state: 0.9967254531673553 - 0.9967254535457625

Model checking completed in 19.615 secs.

Result (maximum probability): 0.9967254533565588

---------------------------------------------------------------------

Model checking: Pmin=? [ F q=12 ]

Building PTA...

PTA: 3 clocks, 23 locations, 33 transitions
Target (q=12) satisfied by 1 locations.

Building initial STPG...

Building forwards reachability graph... 113356 states
Graph constructed in 1.083 secs.
Graph: 113356 symbolic states (1 initial, 144 target)

Model checking STPG...
STPG model checked in 6.659 secs.
111332/113356 states converged.
Diff across 1 initial state: 0.019386916859206016
Lower/upper bounds for 1 initial state: 0.9773385363682358 - 0.9967254532274418
Max diff over all states: 0.9198092288
506 refineable states.

Refinement 1...
506 states successfully refined in 2.845 secs.
1518+0=1518 states of STPG rebuilt in 0.0 secs.
New STPG has 113862 states.

Model checking STPG...
STPG model checked in 2.977 secs.
113862/113862 states converged.
Diff across 1 initial state: 1.616484723854228E-12
Lower/upper bounds for 1 initial state: 0.9773385367550995 - 0.977338536756716

Initial STPG: 113356 states (1 initial), 213884 transitions, 114730 choices, 114224 choice sets, p1max/avg = 3/1.01, p2max/avg = 2/1.00
Final STPG: 113862 states (1 initial), 215908 transitions, 115742 choices, 114730 choice sets, p1max/avg = 3/1.01, p2max/avg = 2/1.01

Terminated after 1 refinements in 15.25 secs.

Abstraction-refinement time breakdown:
* 2.77 secs (18.1%) = Building initial STPG
* 0.00 secs (0.0%) = Rebuilding STPG (1 x avg 0.00 secs)
* 9.64 secs (63.2%) = model checking STPG (2 x avg 4.82 secs) (lb=49.5%) (prob0=28.5%) (pre=99.2%) (iters=52)
* 2.85 secs (18.7%) = refinement (1 x avg 2.85 secs)

Final diff across 1 initial state: 1.616484723854228E-12
Final lower/upper bounds for 1 initial state: 0.9773385367550995 - 0.977338536756716

Model checking completed in 15.257 secs.

Result (minimum probability): 0.9773385367559078

---------------------------------------------------------------------

Model checking: Pmax=? [ F q=13 ]

Building PTA...

PTA: 3 clocks, 23 locations, 33 transitions
Target (q=13) satisfied by 11 locations.

Building initial STPG...

Building forwards reachability graph... 94766 states
Graph constructed in 0.817 secs.
Graph: 94766 symbolic states (1 initial, 46046 target)

Model checking STPG...
STPG model checked in 1.944 secs.
92742/94766 states converged.
Diff across 1 initial state: 0.019386916844449296
Lower/upper bounds for 1 initial state: 0.0032745463969190676 - 0.022661463241368363
Max diff over all states: 0.9198092288
506 refineable states.

Refinement 1...
506 states successfully refined in 1.412 secs.
1518+0=1518 states of STPG rebuilt in 0.0 secs.
New STPG has 95272 states.

Model checking STPG...
STPG model checked in 0.213 secs.
95272/95272 states converged.
Diff across 1 initial state: 1.703234775440876E-12
Lower/upper bounds for 1 initial state: 0.022661463241368363 - 0.022661463243071597

Initial STPG: 94766 states (1 initial), 100332 transitions, 50238 choices, 49732 choice sets, p1max/avg = 3/0.52, p2max/avg = 2/1.01
Final STPG: 95272 states (1 initial), 102356 transitions, 51250 choices, 50238 choice sets, p1max/avg = 3/0.53, p2max/avg = 2/1.02

Terminated after 1 refinements in 5.07 secs.

Abstraction-refinement time breakdown:
* 1.50 secs (29.6%) = Building initial STPG
* 0.00 secs (0.0%) = Rebuilding STPG (1 x avg 0.00 secs)
* 2.16 secs (42.5%) = model checking STPG (2 x avg 1.08 secs) (lb=54.1%) (prob0=7.3%) (pre=97.4%) (iters=78)
* 1.41 secs (27.8%) = refinement (1 x avg 1.41 secs)

Final diff across 1 initial state: 1.703234775440876E-12
Final lower/upper bounds for 1 initial state: 0.022661463241368363 - 0.022661463243071597

Model checking completed in 5.076 secs.

Result (maximum probability): 0.02266146324221998

---------------------------------------------------------------------

Model checking: Pmin=? [ F q=13 ]

Building PTA...

PTA: 3 clocks, 23 locations, 33 transitions
Target (q=13) satisfied by 11 locations.

Building initial STPG...

Building forwards reachability graph... 94766 states
Graph constructed in 0.814 secs.
Graph: 94766 symbolic states (1 initial, 46046 target)

Model checking STPG...
STPG model checked in 3.69 secs.
92742/94766 states converged.
Diff across 1 initial state: 0.019386916844449296
Lower/upper bounds for 1 initial state: 0.0032745463969190676 - 0.022661463241368363
Max diff over all states: 0.9198092288
506 refineable states.

Refinement 1...
506 states successfully refined in 4.066 secs.
1518+0=1518 states of STPG rebuilt in 0.0 secs.
New STPG has 95272 states.

Model checking STPG...
STPG model checked in 0.376 secs.
93369/95272 states converged.
Diff across 1 initial state: 0.019386916843647427
Lower/upper bounds for 1 initial state: 0.0032745463977209375 - 0.022661463241368363
Max diff over all states: 0.15353313662089124
891 refineable states.

Refinement 2...
506 states successfully refined in 4.163 secs.
1518+0=1518 states of STPG rebuilt in 0.0 secs.
New STPG has 95778 states.

Model checking STPG...
STPG model checked in 0.522 secs.
95778/95778 states converged.
Diff across 1 initial state: 7.057067603899458E-13
Lower/upper bounds for 1 initial state: 0.0032745463970271223 - 0.003274546397732829

Initial STPG: 94766 states (1 initial), 100332 transitions, 50238 choices, 49732 choice sets, p1max/avg = 3/0.52, p2max/avg = 2/1.01
Final STPG: 95778 states (1 initial), 105392 transitions, 52768 choices, 51250 choice sets, p1max/avg = 3/0.54, p2max/avg = 2/1.03

Terminated after 2 refinements in 14.21 secs.

Abstraction-refinement time breakdown:
* 1.39 secs (9.8%) = Building initial STPG
* 0.00 secs (0.0%) = Rebuilding STPG (2 x avg 0.00 secs)
* 4.59 secs (32.3%) = model checking STPG (3 x avg 1.53 secs) (lb=51.2%) (prob0=6.6%) (pre=96.6%) (iters=105)
* 8.23 secs (57.9%) = refinement (2 x avg 4.11 secs)

Final diff across 1 initial state: 7.057067603899458E-13
Final lower/upper bounds for 1 initial state: 0.0032745463970271223 - 0.003274546397732829

Model checking completed in 14.214 secs.

Result (minimum probability): 0.003274546397379976

