PRISM
=====

Version: 4.3.1
Date: Fri Apr 21 02:40:58 CST 2017
Hostname: mu01
Memory limits: cudd=1g, java(heap)=56.9g
Command line: prism 05.model temp.prop -ptamethod games

Parsing model file "05.model"...

Parsing properties file "temp.prop"...

4 properties:
(1) Pmax=? [ F q=3 ]
(2) Pmin=? [ F q=3 ]
(3) Pmax=? [ F q=4 ]
(4) Pmin=? [ F q=4 ]

Type:        PTA
Modules:     main 
Variables:   z l y x q 

---------------------------------------------------------------------

Model checking: Pmax=? [ F q=3 ]

Building PTA...

PTA: 3 clocks, 59 locations, 135 transitions
Target (q=3) satisfied by 1 locations.

Building initial STPG...

Building forwards reachability graph... 3367 states
Graph constructed in 0.163 secs.
Graph: 3367 symbolic states (1 initial, 30 target)

Model checking STPG...
STPG model checked in 0.399 secs.
2263/3367 states converged.
Diff across 1 initial state: 0.1235038916764887
Lower/upper bounds for 1 initial state: 0.1308759221300186 - 0.2543798138065073
Max diff over all states: 0.7193706108222129
324 refineable states.

Refinement 1...
152 states successfully refined in 0.194 secs.
476+0=476 states of STPG rebuilt in 0.0 secs.
New STPG has 3519 states.

Model checking STPG...
STPG model checked in 0.352 secs.
2419/3519 states converged.
Diff across 1 initial state: 0.1235038916764887
Lower/upper bounds for 1 initial state: 0.1308759221300186 - 0.2543798138065073
Max diff over all states: 0.7193706108222128
320 refineable states.

Refinement 2...
172 states successfully refined in 0.195 secs.
554+0=554 states of STPG rebuilt in 0.0 secs.
New STPG has 3715 states.

Model checking STPG...
STPG model checked in 0.254 secs.
2625/3715 states converged.
Diff across 1 initial state: 0.12350389167648865
Lower/upper bounds for 1 initial state: 0.1308759221300186 - 0.25437981380650726
Max diff over all states: 0.7096479034351095
348 refineable states.

Refinement 3...
186 states successfully refined in 0.232 secs.
632+0=632 states of STPG rebuilt in 0.0 secs.
New STPG has 3961 states.

Model checking STPG...
STPG model checked in 0.315 secs.
2885/3961 states converged.
Diff across 1 initial state: 0.11300926920730939
Lower/upper bounds for 1 initial state: 0.14137054459919787 - 0.25437981380650726
Max diff over all states: 0.42683065263740927
372 refineable states.

Refinement 4...
200 states successfully refined in 0.233 secs.
680+0=680 states of STPG rebuilt in 0.0 secs.
New STPG has 4231 states.

Model checking STPG...
STPG model checked in 0.333 secs.
3175/4231 states converged.
Diff across 1 initial state: 0.11300926920730944
Lower/upper bounds for 1 initial state: 0.14137054459919787 - 0.2543798138065073
Max diff over all states: 0.3856479034351096
390 refineable states.

Refinement 5...
210 states successfully refined in 0.198 secs.
738+0=738 states of STPG rebuilt in 0.0 secs.
New STPG has 4541 states.

Model checking STPG...
STPG model checked in 0.374 secs.
3509/4541 states converged.
Diff across 1 initial state: 0.10256086951870902
Lower/upper bounds for 1 initial state: 0.15181894428779824 - 0.25437981380650726
Max diff over all states: 0.2895186981457768
404 refineable states.

Refinement 6...
180 states successfully refined in 0.189 secs.
666+0=666 states of STPG rebuilt in 0.0 secs.
New STPG has 4841 states.

Model checking STPG...
STPG model checked in 0.394 secs.
3837/4841 states converged.
Diff across 1 initial state: 0.10256086951870902
Lower/upper bounds for 1 initial state: 0.15181894428779824 - 0.25437981380650726
Max diff over all states: 0.2702926723690588
376 refineable states.

Refinement 7...
186 states successfully refined in 0.216 secs.
702+0=702 states of STPG rebuilt in 0.0 secs.
New STPG has 5167 states.

Model checking STPG...
STPG model checked in 0.425 secs.
4197/5167 states converged.
Diff across 1 initial state: 0.10256086951870902
Lower/upper bounds for 1 initial state: 0.15181894428779824 - 0.25437981380650726
Max diff over all states: 0.23916251308694478
342 refineable states.

Refinement 8...
190 states successfully refined in 0.216 secs.
740+0=740 states of STPG rebuilt in 0.0 secs.
New STPG has 5527 states.

Model checking STPG...
STPG model checked in 0.505 secs.
4595/5527 states converged.
Diff across 1 initial state: 0.10256086951870902
Lower/upper bounds for 1 initial state: 0.15181894428779824 - 0.25437981380650726
Max diff over all states: 0.2120007512669564
342 refineable states.

Refinement 9...
190 states successfully refined in 0.234 secs.
760+0=760 states of STPG rebuilt in 0.0 secs.
New STPG has 5907 states.

Model checking STPG...
STPG model checked in 0.583 secs.
5013/5907 states converged.
Diff across 1 initial state: 0.09205498136081311
Lower/upper bounds for 1 initial state: 0.1623248324456942 - 0.2543798138065073
Max diff over all states: 0.17207799668069473
342 refineable states.

Refinement 10...
190 states successfully refined in 0.235 secs.
722+0=722 states of STPG rebuilt in 0.0 secs.
New STPG has 6249 states.

Model checking STPG...
STPG model checked in 0.611 secs.
5393/6249 states converged.
Diff across 1 initial state: 0.09205498136081311
Lower/upper bounds for 1 initial state: 0.1623248324456942 - 0.2543798138065073
Max diff over all states: 0.1556983348393597
342 refineable states.

Refinement 11...
190 states successfully refined in 0.215 secs.
722+0=722 states of STPG rebuilt in 0.0 secs.
New STPG has 6591 states.

Model checking STPG...
STPG model checked in 0.616 secs.
5773/6591 states converged.
Diff across 1 initial state: 0.0816098619589681
Lower/upper bounds for 1 initial state: 0.1727699518475392 - 0.2543798138065073
Max diff over all states: 0.14344454623406105
342 refineable states.

Refinement 12...
152 states successfully refined in 0.196 secs.
608+0=608 states of STPG rebuilt in 0.0 secs.
New STPG has 6895 states.

Model checking STPG...
STPG model checked in 0.669 secs.
6115/6895 states converged.
Diff across 1 initial state: 0.08160986195896805
Lower/upper bounds for 1 initial state: 0.1727699518475392 - 0.25437981380650726
Max diff over all states: 0.1298949416989691
304 refineable states.

Refinement 13...
152 states successfully refined in 0.196 secs.
608+0=608 states of STPG rebuilt in 0.0 secs.
New STPG has 7199 states.

Model checking STPG...
STPG model checked in 0.7 secs.
6457/7199 states converged.
Diff across 1 initial state: 0.08160986195896805
Lower/upper bounds for 1 initial state: 0.1727699518475392 - 0.25437981380650726
Max diff over all states: 0.12077521506548161
266 refineable states.

Refinement 14...
152 states successfully refined in 0.27 secs.
608+0=608 states of STPG rebuilt in 0.0 secs.
New STPG has 7503 states.

Model checking STPG...
STPG model checked in 0.788 secs.
6799/7503 states converged.
Diff across 1 initial state: 0.08160986195896805
Lower/upper bounds for 1 initial state: 0.1727699518475392 - 0.25437981380650726
Max diff over all states: 0.11093096057267496
266 refineable states.

Refinement 15...
152 states successfully refined in 0.173 secs.
608+0=608 states of STPG rebuilt in 0.0 secs.
New STPG has 7807 states.

Model checking STPG...
STPG model checked in 0.798 secs.
7141/7807 states converged.
Diff across 1 initial state: 0.07116294981284038
Lower/upper bounds for 1 initial state: 0.18321686399366688 - 0.25437981380650726
Max diff over all states: 0.09267108992875162
266 refineable states.

Refinement 16...
152 states successfully refined in 0.171 secs.
570+0=570 states of STPG rebuilt in 0.0 secs.
New STPG has 8073 states.

Model checking STPG...
STPG model checked in 0.841 secs.
7445/8073 states converged.
Diff across 1 initial state: 0.07116294981284038
Lower/upper bounds for 1 initial state: 0.18321686399366688 - 0.25437981380650726
Max diff over all states: 0.08946228335774778
266 refineable states.

Refinement 17...
152 states successfully refined in 0.192 secs.
570+0=570 states of STPG rebuilt in 0.0 secs.
New STPG has 8339 states.

Model checking STPG...
STPG model checked in 0.946 secs.
7749/8339 states converged.
Diff across 1 initial state: 0.06079016201098714
Lower/upper bounds for 1 initial state: 0.19358965179552018 - 0.2543798138065073
Max diff over all states: 0.07779226306085837
266 refineable states.

Refinement 18...
114 states successfully refined in 0.16 secs.
456+0=456 states of STPG rebuilt in 0.0 secs.
New STPG has 8567 states.

Model checking STPG...
STPG model checked in 1.009 secs.
8015/8567 states converged.
Diff across 1 initial state: 0.06079016201098708
Lower/upper bounds for 1 initial state: 0.19358965179552018 - 0.25437981380650726
Max diff over all states: 0.07582686997942556
228 refineable states.

Refinement 19...
114 states successfully refined in 0.234 secs.
456+0=456 states of STPG rebuilt in 0.0 secs.
New STPG has 8795 states.

Model checking STPG...
STPG model checked in 0.979 secs.
8281/8795 states converged.
Diff across 1 initial state: 0.06079016201098708
Lower/upper bounds for 1 initial state: 0.19358965179552018 - 0.25437981380650726
Max diff over all states: 0.0736856320509072
190 refineable states.

Refinement 20...
114 states successfully refined in 0.206 secs.
456+0=456 states of STPG rebuilt in 0.0 secs.
New STPG has 9023 states.

Model checking STPG...
STPG model checked in 1.049 secs.
8547/9023 states converged.
Diff across 1 initial state: 0.06079016201098708
Lower/upper bounds for 1 initial state: 0.19358965179552018 - 0.25437981380650726
Max diff over all states: 0.0720693055453916
190 refineable states.

Refinement 21...
114 states successfully refined in 0.141 secs.
456+0=456 states of STPG rebuilt in 0.0 secs.
New STPG has 9251 states.

Model checking STPG...
STPG model checked in 1.033 secs.
8813/9251 states converged.
Diff across 1 initial state: 0.050454101437931
Lower/upper bounds for 1 initial state: 0.20392571236857626 - 0.25437981380650726
Max diff over all states: 0.05825932271712431
190 refineable states.

Refinement 22...
114 states successfully refined in 0.134 secs.
418+0=418 states of STPG rebuilt in 0.0 secs.
New STPG has 9441 states.

Model checking STPG...
STPG model checked in 1.101 secs.
9041/9441 states converged.
Diff across 1 initial state: 0.050454101437931054
Lower/upper bounds for 1 initial state: 0.20392571236857626 - 0.2543798138065073
Max diff over all states: 0.05724063815845856
190 refineable states.

Refinement 23...
114 states successfully refined in 0.133 secs.
418+0=418 states of STPG rebuilt in 0.0 secs.
New STPG has 9631 states.

Model checking STPG...
STPG model checked in 1.163 secs.
9269/9631 states converged.
Diff across 1 initial state: 0.04020343351619385
Lower/upper bounds for 1 initial state: 0.21417638029031347 - 0.2543798138065073
Max diff over all states: 0.0462224690509033
190 refineable states.

Refinement 24...
76 states successfully refined in 0.109 secs.
304+0=304 states of STPG rebuilt in 0.0 secs.
New STPG has 9783 states.

Model checking STPG...
STPG model checked in 1.316 secs.
9459/9783 states converged.
Diff across 1 initial state: 0.04020343351619379
Lower/upper bounds for 1 initial state: 0.21417638029031347 - 0.25437981380650726
Max diff over all states: 0.045265583515766844
152 refineable states.

Refinement 25...
76 states successfully refined in 0.109 secs.
304+0=304 states of STPG rebuilt in 0.0 secs.
New STPG has 9935 states.

Model checking STPG...
STPG model checked in 1.289 secs.
9649/9935 states converged.
Diff across 1 initial state: 0.04020343351619379
Lower/upper bounds for 1 initial state: 0.21417638029031347 - 0.25437981380650726
Max diff over all states: 0.04442028431062689
114 refineable states.

Refinement 26...
76 states successfully refined in 0.1 secs.
303+0=303 states of STPG rebuilt in 0.0 secs.
New STPG has 10087 states.

Model checking STPG...
STPG model checked in 1.351 secs.
9839/10087 states converged.
Diff across 1 initial state: 0.04020343351619379
Lower/upper bounds for 1 initial state: 0.21417638029031347 - 0.25437981380650726
Max diff over all states: 0.043874384637097336
113 refineable states.

Refinement 27...
75 states successfully refined in 0.094 secs.
297+0=297 states of STPG rebuilt in 0.0 secs.
New STPG has 10237 states.

Model checking STPG...
STPG model checked in 1.45 secs.
10027/10237 states converged.
Diff across 1 initial state: 0.03001596421067612
Lower/upper bounds for 1 initial state: 0.2243638495958312 - 0.2543798138065073
Max diff over all states: 0.03236119379946517
109 refineable states.

Refinement 28...
72 states successfully refined in 0.082 secs.
249+0=249 states of STPG rebuilt in 0.0 secs.
New STPG has 10347 states.

Model checking STPG...
STPG model checked in 1.543 secs.
10175/10347 states converged.
Diff across 1 initial state: 0.03001596421067612
Lower/upper bounds for 1 initial state: 0.2243638495958312 - 0.2543798138065073
Max diff over all states: 0.03193269279965458
101 refineable states.

Refinement 29...
67 states successfully refined in 0.08 secs.
231+0=231 states of STPG rebuilt in 0.0 secs.
New STPG has 10451 states.

Model checking STPG...
STPG model checked in 1.608 secs.
10316/10451 states converged.
Diff across 1 initial state: 0.019922825466392985
Lower/upper bounds for 1 initial state: 0.23445698834011428 - 0.25437981380650726
Max diff over all states: 0.02142857220686506
90 refineable states.

Refinement 30...
34 states successfully refined in 0.047 secs.
132+0=132 states of STPG rebuilt in 0.0 secs.
New STPG has 10519 states.

Model checking STPG...
STPG model checked in 1.453 secs.
10418/10519 states converged.
Diff across 1 initial state: 0.01992282546639304
Lower/upper bounds for 1 initial state: 0.23445698834011428 - 0.2543798138065073
Max diff over all states: 0.021177917774849425
56 refineable states.

Refinement 31...
30 states successfully refined in 0.041 secs.
116+0=116 states of STPG rebuilt in 0.0 secs.
New STPG has 10579 states.

Model checking STPG...
STPG model checked in 1.502 secs.
10508/10579 states converged.
Diff across 1 initial state: 0.019922825466392985
Lower/upper bounds for 1 initial state: 0.23445698834011428 - 0.25437981380650726
Max diff over all states: 0.021013034159315075
26 refineable states.

Refinement 32...
26 states successfully refined in 0.029 secs.
98+0=98 states of STPG rebuilt in 0.0 secs.
New STPG has 10631 states.

Model checking STPG...
STPG model checked in 1.517 secs.
10586/10631 states converged.
Diff across 1 initial state: 0.019922825466392985
Lower/upper bounds for 1 initial state: 0.23445698834011428 - 0.25437981380650726
Max diff over all states: 0.020821528653928584
20 refineable states.

Refinement 33...
20 states successfully refined in 0.02 secs.
73+0=73 states of STPG rebuilt in 0.0 secs.
New STPG has 10671 states.

Model checking STPG...
STPG model checked in 1.62 secs.
10646/10671 states converged.
Diff across 1 initial state: 0.009910892547716377
Lower/upper bounds for 1 initial state: 0.24446892125879088 - 0.25437981380650726
Max diff over all states: 0.010254178380459666
13 refineable states.

Refinement 34...
13 states successfully refined in 0.011 secs.
34+0=34 states of STPG rebuilt in 0.0 secs.
New STPG has 10684 states.

Model checking STPG...
STPG model checked in 1.56 secs.
10672/10684 states converged.
Diff across 1 initial state: 0.009910892547716377
Lower/upper bounds for 1 initial state: 0.24446892125879088 - 0.25437981380650726
Max diff over all states: 0.010156685652913222
8 refineable states.

Refinement 35...
8 states successfully refined in 0.007 secs.
19+0=19 states of STPG rebuilt in 0.0 secs.
New STPG has 10692 states.

Model checking STPG...
STPG model checked in 1.726 secs.
10692/10692 states converged.
Diff across 1 initial state: 0.0
Lower/upper bounds for 1 initial state: 0.25437981380650726 - 0.25437981380650726

Initial STPG: 3367 states (1 initial), 15103 transitions, 4705 choices, 4249 choice sets, p1max/avg = 3/1.26, p2max/avg = 2/1.11
Final STPG: 10692 states (1 initial), 86552 transitions, 26864 choices, 18903 choice sets, p1max/avg = 6/1.77, p2max/avg = 2/1.42

Terminated after 35 refinements in 39.82 secs.

Abstraction-refinement time breakdown:
* 0.29 secs (0.7%) = Building initial STPG
* 0.00 secs (0.0%) = Rebuilding STPG (35 x avg 0.00 secs)
* 34.17 secs (85.8%) = model checking STPG (36 x avg 0.95 secs) (lb=47.8%) (prob0=6.7%) (pre=97.8%) (iters=1386)
* 5.29 secs (13.3%) = refinement (35 x avg 0.15 secs)

Final diff across 1 initial state: 0.0
Final lower/upper bounds for 1 initial state: 0.25437981380650726 - 0.25437981380650726

Model checking completed in 39.966 secs.

Result (maximum probability): 0.25437981380650726

---------------------------------------------------------------------

Model checking: Pmin=? [ F q=3 ]

Building PTA...

PTA: 3 clocks, 59 locations, 135 transitions
Target (q=3) satisfied by 1 locations.

Building initial STPG...

Building forwards reachability graph... 3367 states
Graph constructed in 0.093 secs.
Graph: 3367 symbolic states (1 initial, 30 target)

Model checking STPG...
STPG model checked in 0.345 secs.
2263/3367 states converged.
Diff across 1 initial state: 0.1235038916764887
Lower/upper bounds for 1 initial state: 0.1308759221300186 - 0.2543798138065073
Max diff over all states: 0.7193706108222129
324 refineable states.

Refinement 1...
152 states successfully refined in 0.108 secs.
476+0=476 states of STPG rebuilt in 0.0 secs.
New STPG has 3519 states.

Model checking STPG...
STPG model checked in 0.28 secs.
2453/3519 states converged.
Diff across 1 initial state: 0.11359299912877227
Lower/upper bounds for 1 initial state: 0.1308759221300186 - 0.24446892125879088
Max diff over all states: 0.7062401652170509
152 refineable states.

Refinement 2...
152 states successfully refined in 0.179 secs.
630+0=630 states of STPG rebuilt in 0.0 secs.
New STPG has 3691 states.

Model checking STPG...
STPG model checked in 0.295 secs.
2629/3691 states converged.
Diff across 1 initial state: 0.11359299912877227
Lower/upper bounds for 1 initial state: 0.1308759221300186 - 0.24446892125879088
Max diff over all states: 0.6968306526374093
172 refineable states.

Refinement 3...
172 states successfully refined in 0.287 secs.
728+0=728 states of STPG rebuilt in 0.0 secs.
New STPG has 3913 states.

Model checking STPG...
STPG model checked in 0.428 secs.
2861/3913 states converged.
Diff across 1 initial state: 0.11359299912877227
Lower/upper bounds for 1 initial state: 0.1308759221300186 - 0.24446892125879088
Max diff over all states: 0.4396479034351096
186 refineable states.

Refinement 4...
186 states successfully refined in 0.189 secs.
804+0=804 states of STPG rebuilt in 0.0 secs.
New STPG has 4169 states.

Model checking STPG...
STPG model checked in 0.324 secs.
3189/4169 states converged.
Diff across 1 initial state: 0.10358106621009563
Lower/upper bounds for 1 initial state: 0.1308759221300186 - 0.23445698834011425
Max diff over all states: 0.3856479034351096
172 refineable states.

Refinement 5...
172 states successfully refined in 0.156 secs.
766+0=766 states of STPG rebuilt in 0.0 secs.
New STPG has 4441 states.

Model checking STPG...
STPG model checked in 0.352 secs.
3499/4441 states converged.
Diff across 1 initial state: 0.09348792746581258
Lower/upper bounds for 1 initial state: 0.1308759221300186 - 0.2243638495958312
Max diff over all states: 0.2727108129463788
172 refineable states.

Refinement 6...
172 states successfully refined in 0.149 secs.
762+0=762 states of STPG rebuilt in 0.0 secs.
New STPG has 4709 states.

Model checking STPG...
STPG model checked in 0.475 secs.
3791/4709 states converged.
Diff across 1 initial state: 0.09348792746581258
Lower/upper bounds for 1 initial state: 0.1308759221300186 - 0.2243638495958312
Max diff over all states: 0.2561736981457766
180 refineable states.

Refinement 7...
180 states successfully refined in 0.191 secs.
806+0=806 states of STPG rebuilt in 0.0 secs.
New STPG has 5001 states.

Model checking STPG...
STPG model checked in 0.436 secs.
4111/5001 states converged.
Diff across 1 initial state: 0.09348792746581258
Lower/upper bounds for 1 initial state: 0.1308759221300186 - 0.2243638495958312
Max diff over all states: 0.22430385304694067
186 refineable states.

Refinement 8...
186 states successfully refined in 0.173 secs.
850+0=850 states of STPG rebuilt in 0.0 secs.
New STPG has 5323 states.

Model checking STPG...
STPG model checked in 0.463 secs.
4543/5323 states converged.
Diff across 1 initial state: 0.08330045816029488
Lower/upper bounds for 1 initial state: 0.1308759221300186 - 0.2141763802903135
Max diff over all states: 0.18361187236905896
152 refineable states.

Refinement 9...
152 states successfully refined in 0.151 secs.
722+0=722 states of STPG rebuilt in 0.0 secs.
New STPG has 5627 states.

Model checking STPG...
STPG model checked in 0.497 secs.
4885/5627 states converged.
Diff across 1 initial state: 0.07304979023855765
Lower/upper bounds for 1 initial state: 0.1308759221300186 - 0.20392571236857626
Max diff over all states: 0.15721933664069068
152 refineable states.

Refinement 10...
152 states successfully refined in 0.153 secs.
684+0=684 states of STPG rebuilt in 0.0 secs.
New STPG has 5893 states.

Model checking STPG...
STPG model checked in 0.536 secs.
5189/5893 states converged.
Diff across 1 initial state: 0.07304979023855768
Lower/upper bounds for 1 initial state: 0.1308759221300186 - 0.2039257123685763
Max diff over all states: 0.13957343485647605
152 refineable states.

Refinement 11...
152 states successfully refined in 0.148 secs.
684+0=684 states of STPG rebuilt in 0.0 secs.
New STPG has 6159 states.

Model checking STPG...
STPG model checked in 0.585 secs.
5493/6159 states converged.
Diff across 1 initial state: 0.07304979023855768
Lower/upper bounds for 1 initial state: 0.1308759221300186 - 0.2039257123685763
Max diff over all states: 0.1306442082196908
152 refineable states.

Refinement 12...
152 states successfully refined in 0.143 secs.
684+0=684 states of STPG rebuilt in 0.0 secs.
New STPG has 6425 states.

Model checking STPG...
STPG model checked in 0.516 secs.
5873/6425 states converged.
Diff across 1 initial state: 0.06271372966550157
Lower/upper bounds for 1 initial state: 0.1308759221300186 - 0.19358965179552018
Max diff over all states: 0.10484081507930015
114 refineable states.

Refinement 13...
114 states successfully refined in 0.117 secs.
532+0=532 states of STPG rebuilt in 0.0 secs.
New STPG has 6653 states.

Model checking STPG...
STPG model checked in 0.538 secs.
6139/6653 states converged.
Diff across 1 initial state: 0.052340941863648294
Lower/upper bounds for 1 initial state: 0.1308759221300186 - 0.1832168639936669
Max diff over all states: 0.0845624883313626
114 refineable states.

Refinement 14...
114 states successfully refined in 0.111 secs.
494+0=494 states of STPG rebuilt in 0.0 secs.
New STPG has 6843 states.

Model checking STPG...
STPG model checked in 0.534 secs.
6367/6843 states converged.
Diff across 1 initial state: 0.052340941863648266
Lower/upper bounds for 1 initial state: 0.1308759221300186 - 0.18321686399366688
Max diff over all states: 0.07652306985757334
114 refineable states.

Refinement 15...
114 states successfully refined in 0.107 secs.
494+0=494 states of STPG rebuilt in 0.0 secs.
New STPG has 7033 states.

Model checking STPG...
STPG model checked in 0.585 secs.
6595/7033 states converged.
Diff across 1 initial state: 0.052340941863648266
Lower/upper bounds for 1 initial state: 0.1308759221300186 - 0.18321686399366688
Max diff over all states: 0.07140608963857487
114 refineable states.

Refinement 16...
114 states successfully refined in 0.107 secs.
494+0=494 states of STPG rebuilt in 0.0 secs.
New STPG has 7223 states.

Model checking STPG...
STPG model checked in 0.614 secs.
6899/7223 states converged.
Diff across 1 initial state: 0.04189402971752057
Lower/upper bounds for 1 initial state: 0.1308759221300186 - 0.17276995184753918
Max diff over all states: 0.05528768550800972
76 refineable states.

Refinement 17...
76 states successfully refined in 0.079 secs.
342+0=342 states of STPG rebuilt in 0.0 secs.
New STPG has 7375 states.

Model checking STPG...
STPG model checked in 0.602 secs.
7089/7375 states converged.
Diff across 1 initial state: 0.031448910315675566
Lower/upper bounds for 1 initial state: 0.1308759221300186 - 0.16232483244569418
Max diff over all states: 0.040408858640116424
76 refineable states.

Refinement 18...
76 states successfully refined in 0.072 secs.
303+0=303 states of STPG rebuilt in 0.0 secs.
New STPG has 7489 states.

Model checking STPG...
STPG model checked in 0.64 secs.
7241/7489 states converged.
Diff across 1 initial state: 0.031448910315675566
Lower/upper bounds for 1 initial state: 0.1308759221300186 - 0.16232483244569418
Max diff over all states: 0.03970630208111356
75 refineable states.

Refinement 19...
75 states successfully refined in 0.067 secs.
297+0=297 states of STPG rebuilt in 0.0 secs.
New STPG has 7601 states.

Model checking STPG...
STPG model checked in 0.62 secs.
7391/7601 states converged.
Diff across 1 initial state: 0.03144891031567559
Lower/upper bounds for 1 initial state: 0.1308759221300186 - 0.1623248324456942
Max diff over all states: 0.03816455228379298
72 refineable states.

Refinement 20...
72 states successfully refined in 0.061 secs.
282+0=282 states of STPG rebuilt in 0.0 secs.
New STPG has 7707 states.

Model checking STPG...
STPG model checked in 0.577 secs.
7606/7707 states converged.
Diff across 1 initial state: 0.02094302215777963
Lower/upper bounds for 1 initial state: 0.1308759221300186 - 0.15181894428779824
Max diff over all states: 0.025218103523539925
30 refineable states.

Refinement 21...
30 states successfully refined in 0.032 secs.
116+0=116 states of STPG rebuilt in 0.0 secs.
New STPG has 7767 states.

Model checking STPG...
STPG model checked in 0.597 secs.
7696/7767 states converged.
Diff across 1 initial state: 0.01049462246917926
Lower/upper bounds for 1 initial state: 0.1308759221300186 - 0.14137054459919787
Max diff over all states: 0.012512216211511579
26 refineable states.

Refinement 22...
26 states successfully refined in 0.02 secs.
72+0=72 states of STPG rebuilt in 0.0 secs.
New STPG has 7793 states.

Model checking STPG...
STPG model checked in 0.572 secs.
7748/7793 states converged.
Diff across 1 initial state: 0.01049462246917926
Lower/upper bounds for 1 initial state: 0.1308759221300186 - 0.14137054459919787
Max diff over all states: 0.01216530089720208
20 refineable states.

Refinement 23...
20 states successfully refined in 0.014 secs.
53+0=53 states of STPG rebuilt in 0.0 secs.
New STPG has 7813 states.

Model checking STPG...
STPG model checked in 0.585 secs.
7788/7813 states converged.
Diff across 1 initial state: 0.01049462246917926
Lower/upper bounds for 1 initial state: 0.1308759221300186 - 0.14137054459919787
Max diff over all states: 0.011975054642691718
13 refineable states.

Refinement 24...
13 states successfully refined in 0.008 secs.
34+0=34 states of STPG rebuilt in 0.0 secs.
New STPG has 7826 states.

Model checking STPG...
STPG model checked in 0.579 secs.
7826/7826 states converged.
Diff across 1 initial state: 0.0
Lower/upper bounds for 1 initial state: 0.1308759221300186 - 0.1308759221300186

Initial STPG: 3367 states (1 initial), 15103 transitions, 4705 choices, 4249 choice sets, p1max/avg = 3/1.26, p2max/avg = 2/1.11
Final STPG: 7826 states (1 initial), 59207 transitions, 18346 choices, 13224 choice sets, p1max/avg = 5/1.69, p2max/avg = 2/1.39

Terminated after 24 refinements in 15.62 secs.

Abstraction-refinement time breakdown:
* 0.17 secs (1.1%) = Building initial STPG
* 0.00 secs (0.0%) = Rebuilding STPG (24 x avg 0.00 secs)
* 12.57 secs (80.5%) = model checking STPG (25 x avg 0.50 secs) (lb=45.6%) (prob0=8.1%) (pre=97.2%) (iters=948)
* 2.82 secs (18.1%) = refinement (24 x avg 0.12 secs)

Final diff across 1 initial state: 0.0
Final lower/upper bounds for 1 initial state: 0.1308759221300186 - 0.1308759221300186

Model checking completed in 15.668 secs.

Result (minimum probability): 0.1308759221300186

---------------------------------------------------------------------

Model checking: Pmax=? [ F q=4 ]

Building PTA...

PTA: 3 clocks, 59 locations, 135 transitions
Target (q=4) satisfied by 20 locations.

Building initial STPG...

Building forwards reachability graph... 1435 states
Graph constructed in 0.063 secs.
Graph: 1435 symbolic states (1 initial, 93 target)

Model checking STPG...
STPG model checked in 0.019 secs.
1435/1435 states converged.
Diff across 1 initial state: 0.0
Lower/upper bounds for 1 initial state: 1.0 - 1.0

Initial STPG: 1435 states (1 initial), 8686 transitions, 2710 choices, 2254 choice sets, p1max/avg = 3/1.57, p2max/avg = 2/1.20
Final STPG: 1435 states (1 initial), 8686 transitions, 2710 choices, 2254 choice sets, p1max/avg = 3/1.57, p2max/avg = 2/1.20

Terminated after 0 refinements in 0.12 secs.

Abstraction-refinement time breakdown:
* 0.10 secs (82.1%) = Building initial STPG
* 0.00 secs (0.0%) = Rebuilding STPG (0 x avg 0.00 secs)
* 0.02 secs (16.2%) = model checking STPG (1 x avg 0.02 secs) (lb=47.4%) (prob0=47.4%) (pre=100.0%) (iters=2)
* 0.00 secs (0.0%) = refinement (0 x avg 0.00 secs)

Final diff across 1 initial state: 0.0
Final lower/upper bounds for 1 initial state: 1.0 - 1.0

Model checking completed in 0.14 secs.

Result (maximum probability): 1.0

---------------------------------------------------------------------

Model checking: Pmin=? [ F q=4 ]

Building PTA...

PTA: 3 clocks, 59 locations, 135 transitions
Target (q=4) satisfied by 20 locations.

Building initial STPG...

Building forwards reachability graph... 1435 states
Graph constructed in 0.059 secs.
Graph: 1435 symbolic states (1 initial, 93 target)

Model checking STPG...
STPG model checked in 0.02 secs.
1435/1435 states converged.
Diff across 1 initial state: 0.0
Lower/upper bounds for 1 initial state: 1.0 - 1.0

Initial STPG: 1435 states (1 initial), 8686 transitions, 2710 choices, 2254 choice sets, p1max/avg = 3/1.57, p2max/avg = 2/1.20
Final STPG: 1435 states (1 initial), 8686 transitions, 2710 choices, 2254 choice sets, p1max/avg = 3/1.57, p2max/avg = 2/1.20

Terminated after 0 refinements in 0.11 secs.

Abstraction-refinement time breakdown:
* 0.09 secs (82.3%) = Building initial STPG
* 0.00 secs (0.0%) = Rebuilding STPG (0 x avg 0.00 secs)
* 0.02 secs (17.7%) = model checking STPG (1 x avg 0.02 secs) (lb=50.0%) (prob0=45.0%) (pre=100.0%) (iters=2)
* 0.00 secs (0.0%) = refinement (0 x avg 0.00 secs)

Final diff across 1 initial state: 0.0
Final lower/upper bounds for 1 initial state: 1.0 - 1.0

Model checking completed in 0.134 secs.

Result (minimum probability): 1.0

