PRISM
=====

Version: 4.3.1
Date: Fri Apr 21 02:59:22 CST 2017
Hostname: mu01
Memory limits: cudd=1g, java(heap)=56.9g
Command line: prism 09.model temp.prop -ptamethod games

Parsing model file "09.model"...

Parsing properties file "temp.prop"...

4 properties:
(1) Pmax=? [ F q=3 ]
(2) Pmin=? [ F q=3 ]
(3) Pmax=? [ F q=4 ]
(4) Pmin=? [ F q=4 ]

Type:        PTA
Modules:     main 
Variables:   z y q l x 

---------------------------------------------------------------------

Model checking: Pmax=? [ F q=3 ]

Building PTA...

PTA: 3 clocks, 215 locations, 499 transitions
Target (q=3) satisfied by 1 locations.

Building initial STPG...

Building forwards reachability graph... 21582 states
Graph constructed in 0.784 secs.
Graph: 21582 symbolic states (1 initial, 52 target)

Model checking STPG...
STPG model checked in 10.871 secs.
14298/21582 states converged.
Diff across 1 initial state: 0.028992539430754805
Lower/upper bounds for 1 initial state: 0.01015367377710108 - 0.039146213207855884
Max diff over all states: 0.6184435638718552
2098 refineable states.

Refinement 1...
1012 states successfully refined in 1.757 secs.
3110+0=3110 states of STPG rebuilt in 0.0 secs.
New STPG has 22594 states.

Model checking STPG...
STPG model checked in 12.307 secs.
15314/22594 states converged.
Diff across 1 initial state: 0.028992539430754805
Lower/upper bounds for 1 initial state: 0.01015367377710108 - 0.039146213207855884
Max diff over all states: 0.6184435638718552
2094 refineable states.

Refinement 2...
1086 states successfully refined in 2.309 secs.
3366+0=3366 states of STPG rebuilt in 0.0 secs.
New STPG has 23724 states.

Model checking STPG...
STPG model checked in 12.217 secs.
16454/23724 states converged.
Diff across 1 initial state: 0.028992539430754805
Lower/upper bounds for 1 initial state: 0.01015367377710108 - 0.039146213207855884
Max diff over all states: 0.4818978327756049
2226 refineable states.

Refinement 3...
1150 states successfully refined in 2.238 secs.
3628+0=3628 states of STPG rebuilt in 0.0 secs.
New STPG has 24984 states.

Model checking STPG...
STPG model checked in 14.483 secs.
17732/24984 states converged.
Diff across 1 initial state: 0.02806967510797826
Lower/upper bounds for 1 initial state: 0.011076538099877624 - 0.039146213207855884
Max diff over all states: 0.3413945215549054
2350 refineable states.

Refinement 4...
1218 states successfully refined in 2.158 secs.
3890+0=3890 states of STPG rebuilt in 0.0 secs.
New STPG has 26382 states.

Model checking STPG...
STPG model checked in 19.204 secs.
19158/26382 states converged.
Diff across 1 initial state: 0.02806967510797826
Lower/upper bounds for 1 initial state: 0.011076538099877624 - 0.039146213207855884
Max diff over all states: 0.31629783277560497
2464 refineable states.

Refinement 5...
1274 states successfully refined in 2.542 secs.
4160+0=4160 states of STPG rebuilt in 0.0 secs.
New STPG has 27936 states.

Model checking STPG...
STPG model checked in 19.004 secs.
20750/27936 states converged.
Diff across 1 initial state: 0.02710513614771281
Lower/upper bounds for 1 initial state: 0.012041077060143077 - 0.039146213207855884
Max diff over all states: 0.2887834649654616
2568 refineable states.

Refinement 6...
1190 states successfully refined in 2.567 secs.
3996+0=3996 states of STPG rebuilt in 0.0 secs.
New STPG has 29506 states.

Model checking STPG...
STPG model checked in 18.887 secs.
22370/29506 states converged.
Diff across 1 initial state: 0.02710513614771281
Lower/upper bounds for 1 initial state: 0.012041077060143077 - 0.039146213207855884
Max diff over all states: 0.2669779572244887
2518 refineable states.

Refinement 7...
1236 states successfully refined in 3.029 secs.
4254+0=4254 states of STPG rebuilt in 0.0 secs.
New STPG has 31242 states.

Model checking STPG...
STPG model checked in 19.734 secs.
24166/31242 states converged.
Diff across 1 initial state: 0.02710513614771281
Lower/upper bounds for 1 initial state: 0.012041077060143077 - 0.039146213207855884
Max diff over all states: 0.2499182262209696
2458 refineable states.

Refinement 8...
1282 states successfully refined in 2.995 secs.
4482+0=4482 states of STPG rebuilt in 0.0 secs.
New STPG has 33124 states.

Model checking STPG...
STPG model checked in 20.483 secs.
26122/33124 states converged.
Diff across 1 initial state: 0.02710513614771281
Lower/upper bounds for 1 initial state: 0.012041077060143077 - 0.039146213207855884
Max diff over all states: 0.2378507984857679
2526 refineable states.

Refinement 9...
1318 states successfully refined in 3.388 secs.
4726+0=4726 states of STPG rebuilt in 0.0 secs.
New STPG has 35182 states.

Model checking STPG...
STPG model checked in 23.348 secs.
28266/35182 states converged.
Diff across 1 initial state: 0.026099186576193627
Lower/upper bounds for 1 initial state: 0.013047026631662257 - 0.039146213207855884
Max diff over all states: 0.2076348559629823
2582 refineable states.

Refinement 10...
1350 states successfully refined in 3.734 secs.
4848+0=4848 states of STPG rebuilt in 0.0 secs.
New STPG has 37306 states.

Model checking STPG...
STPG model checked in 24.802 secs.
30490/37306 states converged.
Diff across 1 initial state: 0.026099186576193627
Lower/upper bounds for 1 initial state: 0.013047026631662257 - 0.039146213207855884
Max diff over all states: 0.19924108247623193
2624 refineable states.

Refinement 11...
1374 states successfully refined in 4.17 secs.
5040+0=5040 states of STPG rebuilt in 0.0 secs.
New STPG has 39580 states.

Model checking STPG...
STPG model checked in 24.689 secs.
32874/39580 states converged.
Diff across 1 initial state: 0.025052502363311403
Lower/upper bounds for 1 initial state: 0.014093710844544482 - 0.039146213207855884
Max diff over all states: 0.18715747756873113
2656 refineable states.

Refinement 12...
1250 states successfully refined in 4.179 secs.
4754+0=4754 states of STPG rebuilt in 0.0 secs.
New STPG has 41820 states.

Model checking STPG...
STPG model checked in 28.087 secs.
35234/41820 states converged.
Diff across 1 initial state: 0.025052502363311403
Lower/upper bounds for 1 initial state: 0.014093710844544482 - 0.039146213207855884
Max diff over all states: 0.17930345175384796
2536 refineable states.

Refinement 13...
1264 states successfully refined in 4.798 secs.
4880+0=4880 states of STPG rebuilt in 0.0 secs.
New STPG has 44164 states.

Model checking STPG...
STPG model checked in 29.411 secs.
37708/44164 states converged.
Diff across 1 initial state: 0.025052502363311403
Lower/upper bounds for 1 initial state: 0.014093710844544482 - 0.039146213207855884
Max diff over all states: 0.17063386827291796
2406 refineable states.

Refinement 14...
1272 states successfully refined in 5.393 secs.
4990+0=4990 states of STPG rebuilt in 0.0 secs.
New STPG has 46606 states.

Model checking STPG...
STPG model checked in 30.933 secs.
40286/46606 states converged.
Diff across 1 initial state: 0.025052502363311403
Lower/upper bounds for 1 initial state: 0.014093710844544482 - 0.039146213207855884
Max diff over all states: 0.16560562446482674
2412 refineable states.

Refinement 15...
1276 states successfully refined in 5.927 secs.
5054+0=5054 states of STPG rebuilt in 0.0 secs.
New STPG has 49106 states.

Model checking STPG...
STPG model checked in 33.366 secs.
42926/49106 states converged.
Diff across 1 initial state: 0.023965507347157824
Lower/upper bounds for 1 initial state: 0.01518070586069806 - 0.039146213207855884
Max diff over all states: 0.14817809583958666
2414 refineable states.

Refinement 16...
1278 states successfully refined in 6.722 secs.
4954+0=4954 states of STPG rebuilt in 0.0 secs.
New STPG has 51504 states.

Model checking STPG...
STPG model checked in 35.985 secs.
45466/51504 states converged.
Diff across 1 initial state: 0.023965507347157824
Lower/upper bounds for 1 initial state: 0.01518070586069806 - 0.039146213207855884
Max diff over all states: 0.14330223042657303
2414 refineable states.

Refinement 17...
1278 states successfully refined in 7.496 secs.
4970+0=4970 states of STPG rebuilt in 0.0 secs.
New STPG has 53918 states.

Model checking STPG...
STPG model checked in 37.57 secs.
48022/53918 states converged.
Diff across 1 initial state: 0.02283890964121754
Lower/upper bounds for 1 initial state: 0.01630730356663834 - 0.03914621320785588
Max diff over all states: 0.1365236988870814
2414 refineable states.

Refinement 18...
1136 states successfully refined in 7.395 secs.
4544+0=4544 states of STPG rebuilt in 0.0 secs.
New STPG has 56190 states.

Model checking STPG...
STPG model checked in 39.63 secs.
50436/56190 states converged.
Diff across 1 initial state: 0.022838909641217545
Lower/upper bounds for 1 initial state: 0.01630730356663834 - 0.039146213207855884
Max diff over all states: 0.13296295452209678
2272 refineable states.

Refinement 19...
1136 states successfully refined in 8.18 secs.
4544+0=4544 states of STPG rebuilt in 0.0 secs.
New STPG has 58462 states.

Model checking STPG...
STPG model checked in 40.771 secs.
52850/58462 states converged.
Diff across 1 initial state: 0.022838909641217545
Lower/upper bounds for 1 initial state: 0.01630730356663834 - 0.039146213207855884
Max diff over all states: 0.12985475567850893
2130 refineable states.

Refinement 20...
1136 states successfully refined in 8.541 secs.
4544+0=4544 states of STPG rebuilt in 0.0 secs.
New STPG has 60734 states.

Model checking STPG...
STPG model checked in 43.301 secs.
55264/60734 states converged.
Diff across 1 initial state: 0.022838909641217545
Lower/upper bounds for 1 initial state: 0.01630730356663834 - 0.039146213207855884
Max diff over all states: 0.12640944716653005
2130 refineable states.

Refinement 21...
1136 states successfully refined in 9.401 secs.
4544+0=4544 states of STPG rebuilt in 0.0 secs.
New STPG has 63006 states.

Model checking STPG...
STPG model checked in 46.032 secs.
57678/63006 states converged.
Diff across 1 initial state: 0.021673251745340127
Lower/upper bounds for 1 initial state: 0.017472961462515757 - 0.039146213207855884
Max diff over all states: 0.11389004863534918
2130 refineable states.

Refinement 22...
1136 states successfully refined in 9.956 secs.
4402+0=4402 states of STPG rebuilt in 0.0 secs.
New STPG has 65136 states.

Model checking STPG...
STPG model checked in 54.242 secs.
59950/65136 states converged.
Diff across 1 initial state: 0.021673251745340127
Lower/upper bounds for 1 initial state: 0.017472961462515757 - 0.039146213207855884
Max diff over all states: 0.11097648117667328
2130 refineable states.

Refinement 23...
1136 states successfully refined in 13.517 secs.
4402+0=4402 states of STPG rebuilt in 0.0 secs.
New STPG has 67266 states.

Model checking STPG...
STPG model checked in 54.181 secs.
62222/67266 states converged.
Diff across 1 initial state: 0.020469271064897734
Lower/upper bounds for 1 initial state: 0.01867694214295815 - 0.039146213207855884
Max diff over all states: 0.10489165181834323
2130 refineable states.

Refinement 24...
994 states successfully refined in 10.716 secs.
3976+0=3976 states of STPG rebuilt in 0.0 secs.
New STPG has 69254 states.

Model checking STPG...
STPG model checked in 61.801 secs.
64352/69254 states converged.
Diff across 1 initial state: 0.020469271064897734
Lower/upper bounds for 1 initial state: 0.01867694214295815 - 0.039146213207855884
Max diff over all states: 0.1020697923885904
1988 refineable states.

Refinement 25...
994 states successfully refined in 11.36 secs.
3976+0=3976 states of STPG rebuilt in 0.0 secs.
New STPG has 71242 states.

Model checking STPG...
STPG model checked in 74.133 secs.
66482/71242 states converged.
Diff across 1 initial state: 0.020469271064897734
Lower/upper bounds for 1 initial state: 0.01867694214295815 - 0.039146213207855884
Max diff over all states: 0.09940797887672329
1846 refineable states.

Refinement 26...
994 states successfully refined in 12.034 secs.
3976+0=3976 states of STPG rebuilt in 0.0 secs.
New STPG has 73230 states.

Model checking STPG...
STPG model checked in 70.284 secs.
68612/73230 states converged.
Diff across 1 initial state: 0.020469271064897734
Lower/upper bounds for 1 initial state: 0.01867694214295815 - 0.039146213207855884
Max diff over all states: 0.09673846693951882
1846 refineable states.

Refinement 27...
994 states successfully refined in 14.438 secs.
3976+0=3976 states of STPG rebuilt in 0.0 secs.
New STPG has 75218 states.

Model checking STPG...
STPG model checked in 78.224 secs.
70742/75218 states converged.
Diff across 1 initial state: 0.019227596759406572
Lower/upper bounds for 1 initial state: 0.019918616448449313 - 0.039146213207855884
Max diff over all states: 0.08620436983432045
1846 refineable states.

Refinement 28...
994 states successfully refined in 15.819 secs.
3834+0=3834 states of STPG rebuilt in 0.0 secs.
New STPG has 77064 states.

Model checking STPG...
STPG model checked in 75.05 secs.
72730/77064 states converged.
Diff across 1 initial state: 0.019227596759406572
Lower/upper bounds for 1 initial state: 0.019918616448449313 - 0.039146213207855884
Max diff over all states: 0.08393903716258899
1846 refineable states.

Refinement 29...
994 states successfully refined in 15.322 secs.
3834+0=3834 states of STPG rebuilt in 0.0 secs.
New STPG has 78910 states.

Model checking STPG...
STPG model checked in 73.839 secs.
74718/78910 states converged.
Diff across 1 initial state: 0.01794899053444323
Lower/upper bounds for 1 initial state: 0.021197222673412654 - 0.039146213207855884
Max diff over all states: 0.07845877575668914
1846 refineable states.

Refinement 30...
852 states successfully refined in 12.037 secs.
3408+0=3408 states of STPG rebuilt in 0.0 secs.
New STPG has 80614 states.

Model checking STPG...
STPG model checked in 69.958 secs.
76564/80614 states converged.
Diff across 1 initial state: 0.01794899053444323
Lower/upper bounds for 1 initial state: 0.021197222673412654 - 0.039146213207855884
Max diff over all states: 0.07637342304658987
1704 refineable states.

Refinement 31...
852 states successfully refined in 12.368 secs.
3408+0=3408 states of STPG rebuilt in 0.0 secs.
New STPG has 82318 states.

Model checking STPG...
STPG model checked in 71.484 secs.
78410/82318 states converged.
Diff across 1 initial state: 0.01794899053444323
Lower/upper bounds for 1 initial state: 0.021197222673412654 - 0.039146213207855884
Max diff over all states: 0.07437314783576665
1562 refineable states.

Refinement 32...
852 states successfully refined in 17.824 secs.
3408+0=3408 states of STPG rebuilt in 0.0 secs.
New STPG has 84022 states.

Model checking STPG...
STPG model checked in 74.875 secs.
80256/84022 states converged.
Diff across 1 initial state: 0.01794899053444323
Lower/upper bounds for 1 initial state: 0.021197222673412654 - 0.039146213207855884
Max diff over all states: 0.07242161751203832
1562 refineable states.

Refinement 33...
852 states successfully refined in 14.351 secs.
3408+0=3408 states of STPG rebuilt in 0.0 secs.
New STPG has 85726 states.

Model checking STPG...
STPG model checked in 81.636 secs.
82102/85726 states converged.
Diff across 1 initial state: 0.016634143286340386
Lower/upper bounds for 1 initial state: 0.0225120699215155 - 0.039146213207855884
Max diff over all states: 0.06376757404332767
1562 refineable states.

Refinement 34...
852 states successfully refined in 14.557 secs.
3266+0=3266 states of STPG rebuilt in 0.0 secs.
New STPG has 87288 states.

Model checking STPG...
STPG model checked in 78.653 secs.
83806/87288 states converged.
Diff across 1 initial state: 0.01663414328634038
Lower/upper bounds for 1 initial state: 0.0225120699215155 - 0.03914621320785588
Max diff over all states: 0.062134372655235304
1562 refineable states.

Refinement 35...
852 states successfully refined in 13.726 secs.
3266+0=3266 states of STPG rebuilt in 0.0 secs.
New STPG has 88850 states.

Model checking STPG...
STPG model checked in 79.069 secs.
85510/88850 states converged.
Diff across 1 initial state: 0.01528383500022279
Lower/upper bounds for 1 initial state: 0.023862378207633095 - 0.039146213207855884
Max diff over all states: 0.057177858990695996
1562 refineable states.

Refinement 36...
710 states successfully refined in 11.569 secs.
2840+0=2840 states of STPG rebuilt in 0.0 secs.
New STPG has 90270 states.

Model checking STPG...
STPG model checked in 80.251 secs.
87072/90270 states converged.
Diff across 1 initial state: 0.01528383500022279
Lower/upper bounds for 1 initial state: 0.023862378207633095 - 0.039146213207855884
Max diff over all states: 0.055714239093329176
1420 refineable states.

Refinement 37...
710 states successfully refined in 12.045 secs.
2840+0=2840 states of STPG rebuilt in 0.0 secs.
New STPG has 91690 states.

Model checking STPG...
STPG model checked in 83.702 secs.
88634/91690 states converged.
Diff across 1 initial state: 0.01528383500022279
Lower/upper bounds for 1 initial state: 0.023862378207633095 - 0.039146213207855884
Max diff over all states: 0.05434124641882779
1278 refineable states.

Refinement 38...
710 states successfully refined in 12.377 secs.
2840+0=2840 states of STPG rebuilt in 0.0 secs.
New STPG has 93110 states.

Model checking STPG...
STPG model checked in 90.531 secs.
90196/93110 states converged.
Diff across 1 initial state: 0.01528383500022279
Lower/upper bounds for 1 initial state: 0.023862378207633095 - 0.039146213207855884
Max diff over all states: 0.05306600728705019
1278 refineable states.

Refinement 39...
710 states successfully refined in 14.632 secs.
2840+0=2840 states of STPG rebuilt in 0.001 secs.
New STPG has 94530 states.

Model checking STPG...
STPG model checked in 86.89 secs.
91758/94530 states converged.
Diff across 1 initial state: 0.013898798845552566
Lower/upper bounds for 1 initial state: 0.02524741436230332 - 0.039146213207855884
Max diff over all states: 0.04607568037103216
1278 refineable states.

Refinement 40...
710 states successfully refined in 12.979 secs.
2698+0=2698 states of STPG rebuilt in 0.0 secs.
New STPG has 95808 states.

Model checking STPG...
STPG model checked in 103.513 secs.
93178/95808 states converged.
Diff across 1 initial state: 0.013898798845552566
Lower/upper bounds for 1 initial state: 0.02524741436230332 - 0.039146213207855884
Max diff over all states: 0.04501635050189334
1278 refineable states.

Refinement 41...
710 states successfully refined in 18.896 secs.
2698+0=2698 states of STPG rebuilt in 0.0 secs.
New STPG has 97086 states.

Model checking STPG...
STPG model checked in 106.916 secs.
94598/97086 states converged.
Diff across 1 initial state: 0.01247982677980599
Lower/upper bounds for 1 initial state: 0.026666386428049887 - 0.03914621320785588
Max diff over all states: 0.04045891338892127
1278 refineable states.

Refinement 42...
568 states successfully refined in 12.391 secs.
2272+0=2272 states of STPG rebuilt in 0.0 secs.
New STPG has 98222 states.

Model checking STPG...
STPG model checked in 95.552 secs.
95876/98222 states converged.
Diff across 1 initial state: 0.012479826779805997
Lower/upper bounds for 1 initial state: 0.026666386428049887 - 0.039146213207855884
Max diff over all states: 0.03953457910329833
1136 refineable states.

Refinement 43...
568 states successfully refined in 11.525 secs.
2272+0=2272 states of STPG rebuilt in 0.0 secs.
New STPG has 99358 states.

Model checking STPG...
STPG model checked in 96.436 secs.
97154/99358 states converged.
Diff across 1 initial state: 0.012479826779805997
Lower/upper bounds for 1 initial state: 0.026666386428049887 - 0.039146213207855884
Max diff over all states: 0.038639914955482024
994 refineable states.

Refinement 44...
568 states successfully refined in 10.681 secs.
2272+0=2272 states of STPG rebuilt in 0.0 secs.
New STPG has 100494 states.

Model checking STPG...
STPG model checked in 91.794 secs.
98432/100494 states converged.
Diff across 1 initial state: 0.01247982677980599
Lower/upper bounds for 1 initial state: 0.026666386428049887 - 0.03914621320785588
Max diff over all states: 0.037775715643176944
994 refineable states.

Refinement 45...
568 states successfully refined in 10.659 secs.
2270+0=2270 states of STPG rebuilt in 0.0 secs.
New STPG has 101630 states.

Model checking STPG...
STPG model checked in 95.046 secs.
99710/101630 states converged.
Diff across 1 initial state: 0.011027678994250816
Lower/upper bounds for 1 initial state: 0.028118534213605068 - 0.039146213207855884
Max diff over all states: 0.031951219663444996
992 refineable states.

Refinement 46...
566 states successfully refined in 15.966 secs.
2119+0=2119 states of STPG rebuilt in 0.0 secs.
New STPG has 102622 states.

Model checking STPG...
STPG model checked in 99.043 secs.
100844/102622 states converged.
Diff across 1 initial state: 0.011027678994250816
Lower/upper bounds for 1 initial state: 0.028118534213605068 - 0.039146213207855884
Max diff over all states: 0.031257029383496615
985 refineable states.

Refinement 47...
561 states successfully refined in 11.132 secs.
2099+0=2099 states of STPG rebuilt in 0.0 secs.
New STPG has 103609 states.

Model checking STPG...
STPG model checked in 100.816 secs.
101973/103609 states converged.
Diff across 1 initial state: 0.009543153295132917
Lower/upper bounds for 1 initial state: 0.029603059912722968 - 0.039146213207855884
Max diff over all states: 0.02707554511555854
970 refineable states.

Refinement 48...
424 states successfully refined in 8.455 secs.
1691+0=1691 states of STPG rebuilt in 0.0 secs.
New STPG has 104457 states.

Model checking STPG...
STPG model checked in 102.699 secs.
102963/104457 states converged.
Diff across 1 initial state: 0.009543153295132917
Lower/upper bounds for 1 initial state: 0.029603059912722968 - 0.039146213207855884
Max diff over all states: 0.02649129201230216
828 refineable states.

Refinement 49...
419 states successfully refined in 8.884 secs.
1666+0=1666 states of STPG rebuilt in 0.0 secs.
New STPG has 105295 states.

Model checking STPG...
STPG model checked in 78.19 secs.
103943/105295 states converged.
Diff across 1 initial state: 0.009543153295132917
Lower/upper bounds for 1 initial state: 0.029603059912722968 - 0.039146213207855884
Max diff over all states: 0.025926668839621636
686 refineable states.

Refinement 50...
409 states successfully refined in 7.462 secs.
1620+0=1620 states of STPG rebuilt in 0.0 secs.
New STPG has 106113 states.

Model checking STPG...
STPG model checked in 79.693 secs.
104903/106113 states converged.
Diff across 1 initial state: 0.009543153295132917
Lower/upper bounds for 1 initial state: 0.029603059912722968 - 0.039146213207855884
Max diff over all states: 0.02538134660430086
660 refineable states.

Refinement 51...
393 states successfully refined in 6.996 secs.
1552+0=1552 states of STPG rebuilt in 0.0 secs.
New STPG has 106899 states.

Model checking STPG...
STPG model checked in 80.826 secs.
105831/106899 states converged.
Diff across 1 initial state: 0.008027024906654908
Lower/upper bounds for 1 initial state: 0.031119188301200976 - 0.039146213207855884
Max diff over all states: 0.019921702090916038
624 refineable states.

Refinement 52...
373 states successfully refined in 6.527 secs.
1361+0=1361 states of STPG rebuilt in 0.0 secs.
New STPG has 107539 states.

Model checking STPG...
STPG model checked in 81.389 secs.
106611/107539 states converged.
Diff across 1 initial state: 0.008027024906654908
Lower/upper bounds for 1 initial state: 0.031119188301200976 - 0.039146213207855884
Max diff over all states: 0.017885685453767147
581 refineable states.

Refinement 53...
348 states successfully refined in 6.259 secs.
1266+0=1266 states of STPG rebuilt in 0.0 secs.
New STPG has 108138 states.

Model checking STPG...
STPG model checked in 82.239 secs.
107345/108138 states converged.
Diff across 1 initial state: 0.006480091820635858
Lower/upper bounds for 1 initial state: 0.032666121387220026 - 0.039146213207855884
Max diff over all states: 0.015783978090821604
532 refineable states.

Refinement 54...
233 states successfully refined in 4.286 secs.
912+0=912 states of STPG rebuilt in 0.0 secs.
New STPG has 108604 states.

Model checking STPG...
STPG model checked in 82.99 secs.
107938/108604 states converged.
Diff across 1 initial state: 0.006480091820635858
Lower/upper bounds for 1 initial state: 0.032666121387220026 - 0.039146213207855884
Max diff over all states: 0.014212770151975085
405 refineable states.

Refinement 55...
213 states successfully refined in 4.086 secs.
831+0=831 states of STPG rebuilt in 0.0 secs.
New STPG has 109030 states.

Model checking STPG...
STPG model checked in 83.937 secs.
108480/109030 states converged.
Diff across 1 initial state: 0.006480091820635858
Lower/upper bounds for 1 initial state: 0.032666121387220026 - 0.039146213207855884
Max diff over all states: 0.012944008516558386
289 refineable states.

Refinement 56...
192 states successfully refined in 3.567 secs.
744+0=744 states of STPG rebuilt in 0.0 secs.
New STPG has 109414 states.

Model checking STPG...
STPG model checked in 85.267 secs.
108970/109414 states converged.
Diff across 1 initial state: 0.006480091820635858
Lower/upper bounds for 1 initial state: 0.032666121387220026 - 0.039146213207855884
Max diff over all states: 0.012682047977749217
254 refineable states.

Refinement 57...
168 states successfully refined in 3.166 secs.
646+0=646 states of STPG rebuilt in 0.0 secs.
New STPG has 109750 states.

Model checking STPG...
STPG model checked in 85.292 secs.
109403/109750 states converged.
Diff across 1 initial state: 0.0049031348473195235
Lower/upper bounds for 1 initial state: 0.03424307836053636 - 0.039146213207855884
Max diff over all states: 0.009066521363480032
213 refineable states.

Refinement 58...
142 states successfully refined in 2.623 secs.
486+0=486 states of STPG rebuilt in 0.0 secs.
New STPG has 109978 states.

Model checking STPG...
STPG model checked in 86.715 secs.
109717/109978 states converged.
Diff across 1 initial state: 0.0049031348473195235
Lower/upper bounds for 1 initial state: 0.03424307836053636 - 0.039146213207855884
Max diff over all states: 0.008302479211872646
172 refineable states.

Refinement 59...
116 states successfully refined in 2.106 secs.
394+0=394 states of STPG rebuilt in 0.0 secs.
New STPG has 110165 states.

Model checking STPG...
STPG model checked in 86.254 secs.
109975/110165 states converged.
Diff across 1 initial state: 0.003296947105539093
Lower/upper bounds for 1 initial state: 0.03584926610231679 - 0.039146213207855884
Max diff over all states: 0.006034449319199817
136 refineable states.

Refinement 60...
56 states successfully refined in 1.008 secs.
213+0=213 states of STPG rebuilt in 0.0 secs.
New STPG has 110277 states.

Model checking STPG...
STPG model checked in 85.76 secs.
110143/110277 states converged.
Diff across 1 initial state: 0.003296947105539093
Lower/upper bounds for 1 initial state: 0.03584926610231679 - 0.039146213207855884
Max diff over all states: 0.005532842356687856
80 refineable states.

Refinement 61...
45 states successfully refined in 0.862 secs.
170+0=170 states of STPG rebuilt in 0.0 secs.
New STPG has 110367 states.

Model checking STPG...
STPG model checked in 86.554 secs.
110278/110367 states converged.
Diff across 1 initial state: 0.003296947105539093
Lower/upper bounds for 1 initial state: 0.03584926610231679 - 0.039146213207855884
Max diff over all states: 0.0050472579378239985
35 refineable states.

Refinement 62...
35 states successfully refined in 0.73 secs.
130+0=130 states of STPG rebuilt in 0.0 secs.
New STPG has 110437 states.

Model checking STPG...
STPG model checked in 85.936 secs.
110383/110437 states converged.
Diff across 1 initial state: 0.003296947105539093
Lower/upper bounds for 1 initial state: 0.03584926610231679 - 0.039146213207855884
Max diff over all states: 0.004565066404283766
25 refineable states.

Refinement 63...
25 states successfully refined in 0.471 secs.
91+0=91 states of STPG rebuilt in 0.0 secs.
New STPG has 110487 states.

Model checking STPG...
STPG model checked in 87.667 secs.
110458/110487 states converged.
Diff across 1 initial state: 0.0016623075402216192
Lower/upper bounds for 1 initial state: 0.037483905667634265 - 0.039146213207855884
Max diff over all states: 0.0020230708570430495
16 refineable states.

Refinement 64...
16 states successfully refined in 0.296 secs.
41+0=41 states of STPG rebuilt in 0.0 secs.
New STPG has 110503 states.

Model checking STPG...
STPG model checked in 95.855 secs.
110490/110503 states converged.
Diff across 1 initial state: 0.0016623075402216192
Lower/upper bounds for 1 initial state: 0.037483905667634265 - 0.039146213207855884
Max diff over all states: 0.001812060674005564
9 refineable states.

Refinement 65...
9 states successfully refined in 0.166 secs.
21+0=21 states of STPG rebuilt in 0.0 secs.
New STPG has 110512 states.

Model checking STPG...
STPG model checked in 91.678 secs.
110512/110512 states converged.
Diff across 1 initial state: 0.0
Lower/upper bounds for 1 initial state: 0.03914621320785588 - 0.03914621320785588

Initial STPG: 21582 states (1 initial), 125616 transitions, 30902 choices, 27778 choice sets, p1max/avg = 3/1.29, p2max/avg = 2/1.11
Final STPG: 110512 states (1 initial), 1219505 transitions, 299274 choices, 205901 choice sets, p1max/avg = 6/1.86, p2max/avg = 2/1.45

Terminated after 65 refinements in 4773.27 secs.

Abstraction-refinement time breakdown:
* 1.38 secs (0.0%) = Building initial STPG
* 0.00 secs (0.0%) = Rebuilding STPG (65 x avg 0.00 secs)
* 4261.98 secs (89.3%) = model checking STPG (66 x avg 64.58 secs) (lb=45.6%) (prob0=3.8%) (pre=99.7%) (iters=4442)
* 509.75 secs (10.7%) = refinement (65 x avg 7.84 secs)

Final diff across 1 initial state: 0.0
Final lower/upper bounds for 1 initial state: 0.03914621320785588 - 0.03914621320785588

Model checking completed in 4773.86 secs.

Result (maximum probability): 0.03914621320785588

---------------------------------------------------------------------

Model checking: Pmin=? [ F q=3 ]

Building PTA...

PTA: 3 clocks, 215 locations, 499 transitions
Target (q=3) satisfied by 1 locations.

Building initial STPG...

Building forwards reachability graph... 21582 states
Graph constructed in 0.701 secs.
Graph: 21582 symbolic states (1 initial, 52 target)

Model checking STPG...
STPG model checked in 6.694 secs.
14298/21582 states converged.
Diff across 1 initial state: 0.028992539430754805
Lower/upper bounds for 1 initial state: 0.01015367377710108 - 0.039146213207855884
Max diff over all states: 0.6184435638718552
2098 refineable states.

Refinement 1...
1012 states successfully refined in 1.33 secs.
3110+0=3110 states of STPG rebuilt in 0.0 secs.
New STPG has 22594 states.

Model checking STPG...
STPG model checked in 8.052 secs.
15452/22594 states converged.
Diff across 1 initial state: 0.0273302318905332
Lower/upper bounds for 1 initial state: 0.01015367377710108 - 0.03748390566763428
Max diff over all states: 0.6133240966559426
1012 refineable states.

Refinement 2...
1012 states successfully refined in 1.833 secs.
4094+0=4094 states of STPG rebuilt in 0.0 secs.
New STPG has 23646 states.

Model checking STPG...
STPG model checked in 9.611 secs.
16508/23646 states converged.
Diff across 1 initial state: 0.027330231890533185
Lower/upper bounds for 1 initial state: 0.01015367377710108 - 0.037483905667634265
Max diff over all states: 0.4752183229105613
1086 refineable states.

Refinement 3...
1086 states successfully refined in 2.333 secs.
4430+0=4430 states of STPG rebuilt in 0.0 secs.
New STPG has 24832 states.

Model checking STPG...
STPG model checked in 11.228 secs.
17704/24832 states converged.
Diff across 1 initial state: 0.027330231890533185
Lower/upper bounds for 1 initial state: 0.01015367377710108 - 0.037483905667634265
Max diff over all states: 0.3490519541357331
1150 refineable states.

Refinement 4...
1150 states successfully refined in 2.264 secs.
4774+0=4774 states of STPG rebuilt in 0.0 secs.
New STPG has 26162 states.

Model checking STPG...
STPG model checked in 15.458 secs.
19222/26162 states converged.
Diff across 1 initial state: 0.025695592325215712
Lower/upper bounds for 1 initial state: 0.01015367377710108 - 0.03584926610231679
Max diff over all states: 0.31629783277560486
1132 refineable states.

Refinement 5...
1132 states successfully refined in 1.93 secs.
4782+0=4782 states of STPG rebuilt in 0.0 secs.
New STPG has 27574 states.

Model checking STPG...
STPG model checked in 15.027 secs.
20776/27574 states converged.
Diff across 1 initial state: 0.02408940458343528
Lower/upper bounds for 1 initial state: 0.01015367377710108 - 0.03424307836053636
Max diff over all states: 0.28087920084061296
1132 refineable states.

Refinement 6...
1132 states successfully refined in 1.924 secs.
4844+0=4844 states of STPG rebuilt in 0.0 secs.
New STPG has 29048 states.

Model checking STPG...
STPG model checked in 15.232 secs.
22288/29048 states converged.
Diff across 1 initial state: 0.02408940458343528
Lower/upper bounds for 1 initial state: 0.01015367377710108 - 0.03424307836053636
Max diff over all states: 0.2592415609065164
1190 refineable states.

Refinement 7...
1190 states successfully refined in 2.246 secs.
5160+0=5160 states of STPG rebuilt in 0.0 secs.
New STPG has 30688 states.

Model checking STPG...
STPG model checked in 19.476 secs.
23978/30688 states converged.
Diff across 1 initial state: 0.02408940458343528
Lower/upper bounds for 1 initial state: 0.01015367377710108 - 0.03424307836053636
Max diff over all states: 0.2425999593862159
1236 refineable states.

Refinement 8...
1236 states successfully refined in 2.544 secs.
5434+0=5434 states of STPG rebuilt in 0.0 secs.
New STPG has 32464 states.

Model checking STPG...
STPG model checked in 20.961 secs.
26030/32464 states converged.
Diff across 1 initial state: 0.02251244761011894
Lower/upper bounds for 1 initial state: 0.01015367377710108 - 0.03266612138722002
Max diff over all states: 0.22319032202448866
1176 refineable states.

Refinement 9...
1176 states successfully refined in 2.46 secs.
5292+0=5292 states of STPG rebuilt in 0.0 secs.
New STPG has 34306 states.

Model checking STPG...
STPG model checked in 19.473 secs.
28014/34306 states converged.
Diff across 1 initial state: 0.020965514524099896
Lower/upper bounds for 1 initial state: 0.01015367377710108 - 0.031119188301200976
Max diff over all states: 0.20014530411696874
1176 refineable states.

Refinement 10...
1176 states successfully refined in 2.566 secs.
5314+0=5314 states of STPG rebuilt in 0.0 secs.
New STPG has 36170 states.

Model checking STPG...
STPG model checked in 21.18 secs.
29964/36170 states converged.
Diff across 1 initial state: 0.0209655145240999
Lower/upper bounds for 1 initial state: 0.01015367377710108 - 0.03111918830120098
Max diff over all states: 0.1920701578609663
1208 refineable states.

Refinement 11...
1208 states successfully refined in 2.983 secs.
5538+0=5538 states of STPG rebuilt in 0.0 secs.
New STPG has 38178 states.

Model checking STPG...
STPG model checked in 22.536 secs.
32072/38178 states converged.
Diff across 1 initial state: 0.020965514524099896
Lower/upper bounds for 1 initial state: 0.01015367377710108 - 0.031119188301200976
Max diff over all states: 0.18021740385738505
1232 refineable states.

Refinement 12...
1232 states successfully refined in 3.015 secs.
5702+0=5702 states of STPG rebuilt in 0.0 secs.
New STPG has 40290 states.

Model checking STPG...
STPG model checked in 23.77 secs.
34556/40290 states converged.
Diff across 1 initial state: 0.019449386135621888
Lower/upper bounds for 1 initial state: 0.01015367377710108 - 0.029603059912722968
Max diff over all states: 0.16569206391330293
1122 refineable states.

Refinement 13...
1122 states successfully refined in 3.267 secs.
5322+0=5322 states of STPG rebuilt in 0.0 secs.
New STPG has 42372 states.

Model checking STPG...
STPG model checked in 25.874 secs.
36780/42372 states converged.
Diff across 1 initial state: 0.01796486043650399
Lower/upper bounds for 1 initial state: 0.01015367377710108 - 0.028118534213605068
Max diff over all states: 0.14963816975877553
1122 refineable states.

Refinement 14...
1122 states successfully refined in 3.207 secs.
5272+0=5272 states of STPG rebuilt in 0.0 secs.
New STPG has 44404 states.

Model checking STPG...
STPG model checked in 35.214 secs.
38942/44404 states converged.
Diff across 1 initial state: 0.01796486043650399
Lower/upper bounds for 1 initial state: 0.01015367377710108 - 0.028118534213605068
Max diff over all states: 0.14449460787450352
1130 refineable states.

Refinement 15...
1130 states successfully refined in 3.558 secs.
5338+0=5338 states of STPG rebuilt in 0.0 secs.
New STPG has 46486 states.

Model checking STPG...
STPG model checked in 30.222 secs.
41160/46486 states converged.
Diff across 1 initial state: 0.01796486043650399
Lower/upper bounds for 1 initial state: 0.01015367377710108 - 0.028118534213605068
Max diff over all states: 0.1389805036641653
1134 refineable states.

Refinement 16...
1134 states successfully refined in 3.768 secs.
5378+0=5378 states of STPG rebuilt in 0.0 secs.
New STPG has 48600 states.

Model checking STPG...
STPG model checked in 31.323 secs.
43698/48600 states converged.
Diff across 1 initial state: 0.0165127126509488
Lower/upper bounds for 1 initial state: 0.01015367377710108 - 0.02666638642804988
Max diff over all states: 0.12769657100072412
994 refineable states.

Refinement 17...
994 states successfully refined in 3.679 secs.
4828+0=4828 states of STPG rebuilt in 0.0 secs.
New STPG has 50588 states.

Model checking STPG...
STPG model checked in 32.744 secs.
45828/50588 states converged.
Diff across 1 initial state: 0.015093740585202242
Lower/upper bounds for 1 initial state: 0.01015367377710108 - 0.025247414362303322
Max diff over all states: 0.1160319863101403
994 refineable states.

Refinement 18...
994 states successfully refined in 3.937 secs.
4686+0=4686 states of STPG rebuilt in 0.0 secs.
New STPG has 52434 states.

Model checking STPG...
STPG model checked in 33.952 secs.
47816/52434 states converged.
Diff across 1 initial state: 0.015093740585202242
Lower/upper bounds for 1 initial state: 0.01015367377710108 - 0.025247414362303322
Max diff over all states: 0.11242806146266676
994 refineable states.

Refinement 19...
994 states successfully refined in 4.289 secs.
4686+0=4686 states of STPG rebuilt in 0.0 secs.
New STPG has 54280 states.

Model checking STPG...
STPG model checked in 35.627 secs.
49804/54280 states converged.
Diff across 1 initial state: 0.015093740585202242
Lower/upper bounds for 1 initial state: 0.01015367377710108 - 0.025247414362303322
Max diff over all states: 0.10953113827864791
994 refineable states.

Refinement 20...
994 states successfully refined in 4.69 secs.
4686+0=4686 states of STPG rebuilt in 0.0 secs.
New STPG has 56126 states.

Model checking STPG...
STPG model checked in 36.394 secs.
52076/56126 states converged.
Diff across 1 initial state: 0.013708704430532018
Lower/upper bounds for 1 initial state: 0.01015367377710108 - 0.0238623782076331
Max diff over all states: 0.09966569620476287
852 refineable states.

Refinement 21...
852 states successfully refined in 4.492 secs.
4118+0=4118 states of STPG rebuilt in 0.0 secs.
New STPG has 57830 states.

Model checking STPG...
STPG model checked in 37.614 secs.
53922/57830 states converged.
Diff across 1 initial state: 0.012358396144414422
Lower/upper bounds for 1 initial state: 0.01015367377710108 - 0.022512069921515502
Max diff over all states: 0.09028466816789449
852 refineable states.

Refinement 22...
852 states successfully refined in 4.562 secs.
3976+0=3976 states of STPG rebuilt in 0.0 secs.
New STPG has 59392 states.

Model checking STPG...
STPG model checked in 38.683 secs.
55626/59392 states converged.
Diff across 1 initial state: 0.012358396144414422
Lower/upper bounds for 1 initial state: 0.01015367377710108 - 0.022512069921515502
Max diff over all states: 0.08785605933847634
852 refineable states.

Refinement 23...
852 states successfully refined in 5.076 secs.
3976+0=3976 states of STPG rebuilt in 0.0 secs.
New STPG has 60954 states.

Model checking STPG...
STPG model checked in 31.738 secs.
57330/60954 states converged.
Diff across 1 initial state: 0.012358396144414422
Lower/upper bounds for 1 initial state: 0.01015367377710108 - 0.022512069921515502
Max diff over all states: 0.08563619406096204
852 refineable states.

Refinement 24...
852 states successfully refined in 4.954 secs.
3976+0=3976 states of STPG rebuilt in 0.0 secs.
New STPG has 62516 states.

Model checking STPG...
STPG model checked in 36.019 secs.
59318/62516 states converged.
Diff across 1 initial state: 0.011043548896311574
Lower/upper bounds for 1 initial state: 0.01015367377710108 - 0.021197222673412654
Max diff over all states: 0.0767295052728792
710 refineable states.

Refinement 25...
710 states successfully refined in 5.284 secs.
3408+0=3408 states of STPG rebuilt in 0.0 secs.
New STPG has 63936 states.

Model checking STPG...
STPG model checked in 33.699 secs.
60880/63936 states converged.
Diff across 1 initial state: 0.009764942671348233
Lower/upper bounds for 1 initial state: 0.01015367377710108 - 0.019918616448449313
Max diff over all states: 0.06814450297819874
710 refineable states.

Refinement 26...
710 states successfully refined in 5.152 secs.
3266+0=3266 states of STPG rebuilt in 0.0 secs.
New STPG has 65214 states.

Model checking STPG...
STPG model checked in 34.866 secs.
62300/65214 states converged.
Diff across 1 initial state: 0.009764942671348233
Lower/upper bounds for 1 initial state: 0.01015367377710108 - 0.019918616448449313
Max diff over all states: 0.06629283789401874
710 refineable states.

Refinement 27...
710 states successfully refined in 5.472 secs.
3266+0=3266 states of STPG rebuilt in 0.0 secs.
New STPG has 66492 states.

Model checking STPG...
STPG model checked in 36.738 secs.
63720/66492 states converged.
Diff across 1 initial state: 0.009764942671348233
Lower/upper bounds for 1 initial state: 0.01015367377710108 - 0.019918616448449313
Max diff over all states: 0.06455012220617976
710 refineable states.

Refinement 28...
710 states successfully refined in 5.65 secs.
3266+0=3266 states of STPG rebuilt in 0.0 secs.
New STPG has 67770 states.

Model checking STPG...
STPG model checked in 37.394 secs.
65424/67770 states converged.
Diff across 1 initial state: 0.00852326836585707
Lower/upper bounds for 1 initial state: 0.01015367377710108 - 0.01867694214295815
Max diff over all states: 0.056556873710673916
568 refineable states.

Refinement 29...
568 states successfully refined in 4.82 secs.
2698+0=2698 states of STPG rebuilt in 0.0 secs.
New STPG has 68906 states.

Model checking STPG...
STPG model checked in 38.275 secs.
66702/68906 states converged.
Diff across 1 initial state: 0.007319287685414677
Lower/upper bounds for 1 initial state: 0.01015367377710108 - 0.017472961462515757
Max diff over all states: 0.048811279633042715
568 refineable states.

Refinement 30...
568 states successfully refined in 4.976 secs.
2556+0=2556 states of STPG rebuilt in 0.0 secs.
New STPG has 69900 states.

Model checking STPG...
STPG model checked in 39.002 secs.
67838/69900 states converged.
Diff across 1 initial state: 0.007319287685414677
Lower/upper bounds for 1 initial state: 0.01015367377710108 - 0.017472961462515757
Max diff over all states: 0.04749127465988698
568 refineable states.

Refinement 31...
568 states successfully refined in 5.112 secs.
2554+0=2554 states of STPG rebuilt in 0.0 secs.
New STPG has 70894 states.

Model checking STPG...
STPG model checked in 39.355 secs.
68974/70894 states converged.
Diff across 1 initial state: 0.007319287685414677
Lower/upper bounds for 1 initial state: 0.01015367377710108 - 0.017472961462515757
Max diff over all states: 0.0462345976068575
566 refineable states.

Refinement 32...
566 states successfully refined in 5.395 secs.
2543+0=2543 states of STPG rebuilt in 0.0 secs.
New STPG has 71884 states.

Model checking STPG...
STPG model checked in 39.51 secs.
70390/71884 states converged.
Diff across 1 initial state: 0.006153629789537259
Lower/upper bounds for 1 initial state: 0.01015367377710108 - 0.01630730356663834
Max diff over all states: 0.039074189462940556
419 refineable states.

Refinement 33...
419 states successfully refined in 4.164 secs.
1948+0=1948 states of STPG rebuilt in 0.0 secs.
New STPG has 72722 states.

Model checking STPG...
STPG model checked in 40.41 secs.
71370/72722 states converged.
Diff across 1 initial state: 0.005027032083596977
Lower/upper bounds for 1 initial state: 0.01015367377710108 - 0.015180705860698057
Max diff over all states: 0.03211881865520286
409 refineable states.

Refinement 34...
409 states successfully refined in 3.968 secs.
1755+0=1755 states of STPG rebuilt in 0.0 secs.
New STPG has 73398 states.

Model checking STPG...
STPG model checked in 41.471 secs.
72188/73398 states converged.
Diff across 1 initial state: 0.005027032083596977
Lower/upper bounds for 1 initial state: 0.01015367377710108 - 0.015180705860698057
Max diff over all states: 0.030989051093852055
393 refineable states.

Refinement 35...
393 states successfully refined in 3.903 secs.
1677+0=1677 states of STPG rebuilt in 0.0 secs.
New STPG has 74042 states.

Model checking STPG...
STPG model checked in 42.205 secs.
72974/74042 states converged.
Diff across 1 initial state: 0.005027032083596977
Lower/upper bounds for 1 initial state: 0.01015367377710108 - 0.015180705860698057
Max diff over all states: 0.02839906487084476
373 refineable states.

Refinement 36...
373 states successfully refined in 3.649 secs.
1578+0=1578 states of STPG rebuilt in 0.0 secs.
New STPG has 74648 states.

Model checking STPG...
STPG model checked in 41.487 secs.
73982/74648 states converged.
Diff across 1 initial state: 0.003940037067443402
Lower/upper bounds for 1 initial state: 0.01015367377710108 - 0.014093710844544482
Max diff over all states: 0.01855886669443471
213 refineable states.

Refinement 37...
213 states successfully refined in 2.187 secs.
937+0=937 states of STPG rebuilt in 0.0 secs.
New STPG has 75074 states.

Model checking STPG...
STPG model checked in 41.882 secs.
74524/75074 states converged.
Diff across 1 initial state: 0.002893352854561177
Lower/upper bounds for 1 initial state: 0.01015367377710108 - 0.013047026631662257
Max diff over all states: 0.011316738148451591
192 refineable states.

Refinement 38...
192 states successfully refined in 1.925 secs.
735+0=735 states of STPG rebuilt in 0.0 secs.
New STPG has 75352 states.

Model checking STPG...
STPG model checked in 42.063 secs.
74908/75352 states converged.
Diff across 1 initial state: 0.002893352854561177
Lower/upper bounds for 1 initial state: 0.01015367377710108 - 0.013047026631662257
Max diff over all states: 0.010190155584747312
168 refineable states.

Refinement 39...
168 states successfully refined in 1.797 secs.
635+0=635 states of STPG rebuilt in 0.0 secs.
New STPG has 75591 states.

Model checking STPG...
STPG model checked in 42.835 secs.
75244/75591 states converged.
Diff across 1 initial state: 0.002893352854561177
Lower/upper bounds for 1 initial state: 0.01015367377710108 - 0.013047026631662257
Max diff over all states: 0.0090278634051187
142 refineable states.

Refinement 40...
142 states successfully refined in 1.421 secs.
527+0=527 states of STPG rebuilt in 0.0 secs.
New STPG has 75789 states.

Model checking STPG...
STPG model checked in 42.237 secs.
75655/75789 states converged.
Diff across 1 initial state: 0.0018874032830419971
Lower/upper bounds for 1 initial state: 0.01015367377710108 - 0.012041077060143077
Max diff over all states: 0.005166805890017959
45 refineable states.

Refinement 41...
45 states successfully refined in 0.48 secs.
170+0=170 states of STPG rebuilt in 0.0 secs.
New STPG has 75879 states.

Model checking STPG...
STPG model checked in 41.93 secs.
75790/75879 states converged.
Diff across 1 initial state: 9.22864322776544E-4
Lower/upper bounds for 1 initial state: 0.01015367377710108 - 0.011076538099877624
Max diff over all states: 0.002225276131158943
35 refineable states.

Refinement 42...
35 states successfully refined in 0.36 secs.
95+0=95 states of STPG rebuilt in 0.0 secs.
New STPG has 75914 states.

Model checking STPG...
STPG model checked in 41.787 secs.
75860/75914 states converged.
Diff across 1 initial state: 9.228643227765405E-4
Lower/upper bounds for 1 initial state: 0.01015367377710108 - 0.01107653809987762
Max diff over all states: 0.0018698955321144566
25 refineable states.

Refinement 43...
25 states successfully refined in 0.291 secs.
66+0=66 states of STPG rebuilt in 0.0 secs.
New STPG has 75939 states.

Model checking STPG...
STPG model checked in 42.347 secs.
75910/75939 states converged.
Diff across 1 initial state: 9.228643227765405E-4
Lower/upper bounds for 1 initial state: 0.01015367377710108 - 0.01107653809987762
Max diff over all states: 0.0014637898441374544
16 refineable states.

Refinement 44...
16 states successfully refined in 0.172 secs.
41+0=41 states of STPG rebuilt in 0.0 secs.
New STPG has 75955 states.

Model checking STPG...
STPG model checked in 42.048 secs.
75955/75955 states converged.
Diff across 1 initial state: 0.0
Lower/upper bounds for 1 initial state: 0.01015367377710108 - 0.01015367377710108

Initial STPG: 21582 states (1 initial), 125616 transitions, 30902 choices, 27778 choice sets, p1max/avg = 3/1.29, p2max/avg = 2/1.11
Final STPG: 75955 states (1 initial), 799682 transitions, 196137 choices, 137170 choice sets, p1max/avg = 5/1.81, p2max/avg = 2/1.43

Terminated after 44 refinements in 1560.06 secs.

Abstraction-refinement time breakdown:
* 1.24 secs (0.1%) = Building initial STPG
* 0.00 secs (0.0%) = Rebuilding STPG (44 x avg 0.00 secs)
* 1415.64 secs (90.7%) = model checking STPG (45 x avg 31.46 secs) (lb=44.2%) (prob0=5.1%) (pre=99.6%) (iters=2980)
* 143.09 secs (9.2%) = refinement (44 x avg 3.25 secs)

Final diff across 1 initial state: 0.0
Final lower/upper bounds for 1 initial state: 0.01015367377710108 - 0.01015367377710108

Model checking completed in 1560.44 secs.

Result (minimum probability): 0.01015367377710108

---------------------------------------------------------------------

Model checking: Pmax=? [ F q=4 ]

Building PTA...

PTA: 3 clocks, 215 locations, 499 transitions
Target (q=4) satisfied by 72 locations.

Building initial STPG...

Building forwards reachability graph... 8805 states
Graph constructed in 0.539 secs.
Graph: 8805 symbolic states (1 initial, 159 target)

Model checking STPG...
STPG model checked in 0.282 secs.
8805/8805 states converged.
Diff across 1 initial state: 0.0
Lower/upper bounds for 1 initial state: 1.0 - 1.0

Initial STPG: 8805 states (1 initial), 73266 transitions, 18018 choices, 14894 choice sets, p1max/avg = 3/1.69, p2max/avg = 2/1.21
Final STPG: 8805 states (1 initial), 73266 transitions, 18018 choices, 14894 choice sets, p1max/avg = 3/1.69, p2max/avg = 2/1.21

Terminated after 0 refinements in 1.11 secs.

Abstraction-refinement time breakdown:
* 0.83 secs (74.5%) = Building initial STPG
* 0.00 secs (0.0%) = Rebuilding STPG (0 x avg 0.00 secs)
* 0.28 secs (25.3%) = model checking STPG (1 x avg 0.28 secs) (lb=63.1%) (prob0=42.6%) (pre=100.0%) (iters=2)
* 0.00 secs (0.0%) = refinement (0 x avg 0.00 secs)

Final diff across 1 initial state: 0.0
Final lower/upper bounds for 1 initial state: 1.0 - 1.0

Model checking completed in 1.394 secs.

Result (maximum probability): 1.0

---------------------------------------------------------------------

Model checking: Pmin=? [ F q=4 ]

Building PTA...

PTA: 3 clocks, 215 locations, 499 transitions
Target (q=4) satisfied by 72 locations.

Building initial STPG...

Building forwards reachability graph... 8805 states
Graph constructed in 0.412 secs.
Graph: 8805 symbolic states (1 initial, 159 target)

Model checking STPG...
STPG model checked in 0.213 secs.
8805/8805 states converged.
Diff across 1 initial state: 0.0
Lower/upper bounds for 1 initial state: 1.0 - 1.0

Initial STPG: 8805 states (1 initial), 73266 transitions, 18018 choices, 14894 choice sets, p1max/avg = 3/1.69, p2max/avg = 2/1.21
Final STPG: 8805 states (1 initial), 73266 transitions, 18018 choices, 14894 choice sets, p1max/avg = 3/1.69, p2max/avg = 2/1.21

Terminated after 0 refinements in 0.87 secs.

Abstraction-refinement time breakdown:
* 0.66 secs (75.6%) = Building initial STPG
* 0.00 secs (0.0%) = Rebuilding STPG (0 x avg 0.00 secs)
* 0.21 secs (24.4%) = model checking STPG (1 x avg 0.21 secs) (lb=51.6%) (prob0=44.6%) (pre=99.1%) (iters=2)
* 0.00 secs (0.0%) = refinement (0 x avg 0.00 secs)

Final diff across 1 initial state: 0.0
Final lower/upper bounds for 1 initial state: 1.0 - 1.0

Model checking completed in 1.104 secs.

Result (minimum probability): 1.0

