PRISM
=====

Version: 4.3.1
Date: Fri Apr 21 08:57:48 CST 2017
Hostname: mu01
Memory limits: cudd=1g, java(heap)=56.9g
Command line: prism 13.model temp.prop -ptamethod games

Parsing model file "13.model"...

Parsing properties file "temp.prop"...

4 properties:
(1) Pmax=? [ F q=3 ]
(2) Pmin=? [ F q=3 ]
(3) Pmax=? [ F q=4 ]
(4) Pmin=? [ F q=4 ]

Type:        PTA
Modules:     main 
Variables:   z q x y l 

---------------------------------------------------------------------

Model checking: Pmax=? [ F q=3 ]

Building PTA...

PTA: 3 clocks, 467 locations, 1087 transitions
Target (q=3) satisfied by 1 locations.

Building initial STPG...

Building forwards reachability graph... 67135 states
Graph constructed in 1.858 secs.
Graph: 67135 symbolic states (1 initial, 74 target)

Model checking STPG...
