PRISM
=====

Version: 4.3.1
Date: Fri Apr 21 09:20:15 CST 2017
Hostname: mu01
Memory limits: cudd=1g, java(heap)=56.9g
Command line: prism 09.model temp.prop -ptamethod backwards

Parsing model file "09.model"...

Parsing properties file "temp.prop"...

4 properties:
(1) Pmax=? [ F q=3 ]
(2) Pmin=? [ F q=3 ]
(3) Pmax=? [ F q=4 ]
(4) Pmin=? [ F q=4 ]

Type:        PTA
Modules:     main 
Variables:   z y q l x 

---------------------------------------------------------------------

Model checking: Pmax=? [ F q=3 ]

Building PTA...

PTA: 3 clocks, 215 locations, 499 transitions
Target (q=3) satisfied by 1 locations.

Building backwards reachability graph... 4087 5745 6824 7674 8390 8631 states
Graph constructed in 16.339 secs.
Graph: 8631 symbolic states (52 initial, 1 target)
Building MDP... 42386 states (52 initial), 1081729 transitions, 1064390 choices, dist max/avg = 67/25.11

Starting probabilistic reachability (max)...
target=1, yes=1, no=0, maybe=42385
Starting value iteration (max)...
Value iteration (max) took 135 iterations and 8.837 seconds.
Probabilistic reachability took 8.844 seconds.

Model checking completed in 26.961 secs.

Result (maximum probability): 0.03914621320785588

---------------------------------------------------------------------

Model checking: Pmin=? [ F q=3 ]

Building PTA...

PTA: 3 clocks, 215 locations, 499 transitions
Target (q=3) satisfied by 1 locations.

Error: Backwards reachability does not yet support minmum probabilities.

---------------------------------------------------------------------

Model checking: Pmax=? [ F q=4 ]

Building PTA...

PTA: 3 clocks, 215 locations, 499 transitions
Target (q=4) satisfied by 72 locations.

Building backwards reachability graph... 7711 10818 13041 14673 15943 17157 18290 19170 19971 20725 21517 22287 22947 23439 24139 24629 25131 25751 26211 26684 27256 27597 27971 28388 28839 29213 29576 29818 30312 30752 31060 31379 31721 32081 32525 32789 33089 33257 33603 33951 34311 34551 34779 35031 35154 35533 35845 36205 36409 36625 36877 37000 37350 37610 37909 38208 38364 38533 38793 38923 39045 39377 39637 39871 40144 40313 40469 40677 40846 40937 41079 41430 41625 41859 42132 42301 42418 42639 42795 42873 42957 43263 43473 43655 43851 44089 44271 44397 44509 44691 44873 44957 45055 45157 45421 45603 45771 45925 46107 46303 46443 46541 46653 46793 46975 47087 47157 47204 47425 47649 47817 47999 48153 48391 48531 48643 48741 48853 49035 49175 49245 49315 49423 49667 49817 49967 50117 50252 50432 50642 50747 50852 50942 51032 51152 51302 51392 51482 51512 51572 51622 51774 51999 52134 52224 52314 52449 52569 52704 52899 53004 53079 53169 53259 53349 53484 53604 53724 53754 53814 53859 53955 54166 54316 54466 54571 54706 54811 54976 55156 55261 55351 55426 55516 55591 55666 55831 55936 56026 56071 56116 56169 56269 56497 56625 56737 56833 56945 57057 57185 57313 57473 57569 57649 57713 57793 57873 57921 58001 58129 58241 58321 58417 58433 58481 58545 58564 58656 58863 58991 59087 59183 59279 59375 59471 59583 59711 59855 59951 59999 60079 60127 60191 60239 60303 60383 60447 60559 60655 60735 60815 60847 60895 60927 60959 61034 61149 61325 61453 61533 61597 61661 61725 61821 61917 62029 62141 62237 62333 62397 62493 62557 62621 62685 62749 62829 62877 62989 63101 63165 63245 63261 63309 63357 63373 63421 63597 63677 63757 63837 63901 63981 64061 64141 64221 64317 64413 64509 64621 64669 64749 64813 64861 64909 64957 65005 65053 65101 65181 65261 65373 65421 65485 65533 65549 65581 65613 65645 65780 65870 65960 66020 66110 66170 66230 66305 66380 66485 66545 66635 66770 66830 66875 66950 66995 67055 67085 67145 67190 67250 67280 67385 67460 67520 67580 67640 67670 67700 67715 67760 67775 67929 67999 68097 68167 68237 68293 68377 68461 68517 68601 68685 68797 68881 68909 68993 69035 69091 69133 69189 69217 69287 69329 69427 69483 69553 69623 69665 69679 69707 69749 69763 69917 69973 70071 70141 70197 70253 70309 70379 70449 70505 70589 70673 70757 70841 70897 70967 71009 71051 71093 71135 71177 71205 71275 71317 71401 71471 71541 71583 71639 71653 71695 71709 71737 71751 71842 71933 71998 72050 72128 72180 72232 72297 72362 72414 72492 72557 72635 72739 72791 72843 72895 72921 72973 72986 73025 73064 73090 73155 73194 73272 73337 73402 73441 73493 73506 73545 73558 73597 73633 73765 73849 73897 73969 74017 74089 74137 74209 74281 74365 74437 74509 74569 74629 74677 74713 74749 74797 74833 74881 74929 75013 75073 75121 75181 75217 75229 75253 75289 75301 75433 75517 75577 75637 75673 75745 75793 75841 75901 75973 76045 76117 76201 76261 76321 76357 76393 76441 76477 76513 76537 76597 76633 76717 76777 76825 76885 76921 76933 76957 76981 77005 77104 77170 77247 77302 77346 77412 77467 77522 77577 77643 77720 77786 77863 77896 77951 77995 78039 78072 78105 78138 78193 78226 78292 78347 78402 78457 78490 78501 78523 78556 78567 78677 78757 78817 78877 78937 78997 79057 79107 79207 79277 79347 79387 79447 79497 79527 79567 79597 79647 79707 79777 79837 79897 79917 79947 79967 79987 80097 80167 80227 80297 80337 80397 80467 80507 80577 80647 80747 80797 80847 80887 80937 80967 81007 81057 81097 81167 81217 81257 81307 81337 81357 81387 81407 81488 81551 81623 81686 81740 81794 81848 81893 81947 82019 82091 82136 82181 82217 82262 82298 82325 82361 82397 82460 82505 82559 82613 82631 82649 82685 82757 82837 82909 82957 83029 83093 83157 83245 83325 83373 83421 83453 83501 83549 83613 83669 83725 83765 83789 83821 83893 83973 84045 84101 84165 84229 84301 84405 84469 84525 84565 84613 84645 84693 84765 84837 84893 84909 84933 84957 85034 85104 85153 85216 85293 85356 85433 85510 85566 85608 85650 85692 85748 85818 85881 85902 85937 85951 86083 86155 86239 86305 86413 86473 86521 86569 86629 86713 86761 86791 86881 86971 87049 87121 87229 87313 87367 87421 87487 87571 87613 87655 87750 87830 87905 88010 88090 88145 88195 88290 88335 88365 88489 88589 88705 88773 88857 88917 89029 89145 89273 89353 89469 89540 89651 89771 89867 89927 90089 90199 90401 90495 states
Graph constructed in 2163.774 secs.
Graph: 90495 symbolic states (75 initial, 72 target)
Building MDP... 449022 states (75 initial), 24937668 transitions, 24751054 choices, dist max/avg = 213/55.12

Starting probabilistic reachability (max)...
target=72, yes=72, no=0, maybe=448950
Starting value iteration (max)...
Value iteration (max) took 2770 iterations and 5354.748 seconds.
Probabilistic reachability took 5354.771 seconds.

Model checking completed in 7595.605 secs.

Result (maximum probability): 0.999669438300336

---------------------------------------------------------------------

Model checking: Pmin=? [ F q=4 ]

Building PTA...

PTA: 3 clocks, 215 locations, 499 transitions
Target (q=4) satisfied by 72 locations.

Error: Backwards reachability does not yet support minmum probabilities.

