PRISM
=====

Version: 4.3.1
Date: Fri Apr 21 11:27:19 CST 2017
Hostname: mu01
Memory limits: cudd=1g, java(heap)=56.9g
Command line: prism 11.model temp.prop -ptamethod backwards

Parsing model file "11.model"...

Parsing properties file "temp.prop"...

4 properties:
(1) Pmax=? [ F q=3 ]
(2) Pmin=? [ F q=3 ]
(3) Pmax=? [ F q=4 ]
(4) Pmin=? [ F q=4 ]

Type:        PTA
Modules:     main 
Variables:   z q y x l 

---------------------------------------------------------------------

Model checking: Pmax=? [ F q=3 ]

Building PTA...

PTA: 3 clocks, 329 locations, 765 transitions
Target (q=3) satisfied by 1 locations.

Building backwards reachability graph... 5138 7242 8451 9522 10388 11076 11690 12199 12737 13228 13669 14098 14525 14904 15240 15564 15849 16083 states
Graph constructed in 53.724 secs.
Graph: 16083 symbolic states (63 initial, 1 target)
Building MDP... 81606 states (63 initial), 2522883 transitions, 2488280 choices, dist max/avg = 82/30.49

Starting probabilistic reachability (max)...
target=1, yes=1, no=0, maybe=81605
Starting value iteration (max)...
Value iteration (max) took 165 iterations and 29.876 seconds.
Probabilistic reachability took 29.892 seconds.

Model checking completed in 87.381 secs.

Result (maximum probability): 0.019800597483630784

---------------------------------------------------------------------

Model checking: Pmin=? [ F q=3 ]

Building PTA...

PTA: 3 clocks, 329 locations, 765 transitions
Target (q=3) satisfied by 1 locations.

Error: Backwards reachability does not yet support minmum probabilities.

---------------------------------------------------------------------

Model checking: Pmax=? [ F q=4 ]

Building PTA...

PTA: 3 clocks, 329 locations, 765 transitions
Target (q=4) satisfied by 110 locations.

Building backwards reachability graph... 8095 11931 14912 17086 18834 20380 21905 23131 24091 25293 26157 27258 28041 28826 29717 30266 30880 31807 32419 32912 33739 34369 34839 35223 35907 36487 36967 37337 37681 38365 38905 39345 39705 40023 40624 41097 41515 41878 42219 42494 42750 43273 43669 44032 44351 44670 44945 45154 45401 45933 46329 46670 46956 47286 47550 47748 47974 48441 48765 49077 49353 49641 49881 50157 50373 50553 50717 51071 51383 51683 51935 52175 52403 52619 52871 53075 53231 53399 53548 53881 54217 54505 54745 54997 55225 55441 55681 55897 56041 56197 56305 56562 56926 57134 57381 57589 57823 57992 58187 58356 58538 58720 58915 59045 59149 59279 59376 59556 59874 60095 60290 60498 60667 60875 61044 61226 61369 61512 61720 61850 61980 62123 62227 62344 62409 62592 62900 63121 63290 63485 63667 63849 64018 64187 64330 64473 64642 64811 64941 65110 65188 65292 65409 65505 65661 65945 66155 66323 66463 66645 66799 66939 67079 67219 67359 67485 67611 67723 67877 68031 68143 68269 68381 68451 68535 68633 68731 68807 68923 69173 69355 69509 69649 69775 69943 70041 70181 70321 70447 70573 70713 70839 70923 71035 71203 71315 71413 71539 71637 71707 71777 71875 71959 72001 72139 72345 72541 72695 72835 72961 73129 73269 73395 73521 73661 73773 73899 74025 74123 74235 74361 74501 74613 74711 74809 74921 74991 75075 75159 75229 75271 75397 75534 75774 75909 76029 76149 76254 76374 76509 76599 76704 76839 76944 77064 77169 77289 77394 77499 77574 77649 77784 77874 77979 78069 78159 78264 78354 78399 78459 78519 78609 78669 78729 78759 78866 78955 79172 79307 79442 79562 79637 79742 79862 79967 80057 80177 80252 80357 80477 80552 80642 80732 80852 80912 81002 81077 81137 81242 81362 81452 81542 81602 81692 81752 81857 81902 81947 81992 82067 82142 82202 82247 82302 82396 82465 82690 82780 82885 82990 83110 83185 83290 83395 83500 83590 83680 83785 83860 83980 84055 84145 84250 84355 84400 84490 84565 84640 84730 84820 84940 85030 85090 85180 85240 85330 85375 85420 85465 85540 85615 85660 85720 85735 85836 85918 86097 86209 86321 86417 86497 86593 86673 86769 86833 86913 87009 87089 87169 87249 87313 87409 87473 87569 87633 87713 87793 87873 87969 88017 88097 88145 88209 88273 88337 88433 88545 88609 88689 88737 88801 88897 88929 89025 89057 89089 89153 89185 89249 89329 89377 89425 89441 89517 89586 89652 89867 89963 90027 90155 90219 90299 90363 90459 90507 90603 90683 90763 90827 90891 90955 91019 91115 91179 91259 91339 91403 91451 91531 91595 91691 91723 91803 91851 91899 91947 92011 92107 92171 92251 92315 92395 92427 92507 92587 92619 92699 92731 92763 92811 92859 92891 92955 93003 93051 93099 93147 93150 93239 93314 93413 93605 93717 93797 93877 93941 94021 94085 94165 94213 94309 94389 94453 94533 94581 94661 94725 94805 94853 94933 94997 95061 95125 95205 95269 95333 95397 95445 95525 95573 95621 95669 95733 95813 95877 95973 96037 96101 96133 96213 96293 96325 96405 96437 96469 96517 96549 96597 96645 96709 96741 96789 96837 96853 96899 96970 97031 97122 97292 97377 97445 97530 97598 97649 97734 97802 97853 97921 97972 98040 98108 98176 98244 98312 98363 98431 98482 98550 98618 98669 98771 98805 98856 98924 98975 99026 99111 99162 99230 99264 99332 99366 99417 99468 99519 99570 99672 99723 99808 99876 99927 99978 100012 100063 100114 100199 100233 100318 100335 100369 100403 100437 100471 100539 100573 100607 100658 100709 100743 100777 100780 100850 100906 100958 100995 101182 101267 101352 101403 101488#
# A fatal error has been detected by the Java Runtime Environment:
#
#  SIGBUS (0x7) at pc=0x00002ba4d6501ef5, pid=4148, tid=0x00002ba4d6319200
#
# JRE version: Java(TM) SE Runtime Environment (8.0_131-b11) (build 1.8.0_131-b11)
# Java VM: Java HotSpot(TM) 64-Bit Server VM (25.131-b11 mixed mode linux-amd64 )
# Problematic frame:
# C  [libpthread.so.0+0x8ef5]  pthread_join+0xa5
#
# Failed to write core dump. Core dumps have been disabled. To enable core dumping, try "ulimit -c unlimited" before starting Java again
#
# An error report file with more information is saved as:
# /home/liyi/Projects/ptaxdta/data/robot_navi/y26z15/hs_err_pid4148.log
#
# If you would like to submit a bug report, please visit:
#   http://bugreport.java.com/bugreport/crash.jsp
#
