PRISM
=====

Version: 4.3.1
Date: Fri Apr 21 12:00:03 CST 2017
Hostname: mu01
Memory limits: cudd=1g, java(heap)=56.9g
Command line: prism 15.model temp.prop -ptamethod backwards

Parsing model file "15.model"...

Parsing properties file "temp.prop"...

4 properties:
(1) Pmax=? [ F q=3 ]
(2) Pmin=? [ F q=3 ]
(3) Pmax=? [ F q=4 ]
(4) Pmin=? [ F q=4 ]

Type:        PTA
Modules:     main 
Variables:   z x q y l 

---------------------------------------------------------------------

Model checking: Pmax=? [ F q=3 ]

Building PTA...

PTA: 3 clocks, 629 locations, 1465 transitions
Target (q=3) satisfied by 1 locations.

Building backwards reachability graph... 6805 9503 11243 12835 13987 14908 15814 16688 17506 18269 18990 19590 20265 20836 21297 21739 22253 22696 23153 23583 23980 24358 24710 25066 25436 25776 26133 26457#
# A fatal error has been detected by the Java Runtime Environment:
#
#  SIGBUS (0x7) at pc=0x00002b1ae9e03ef5, pid=5859, tid=0x00002b1ae9c1b200
#
# JRE version: Java(TM) SE Runtime Environment (8.0_131-b11) (build 1.8.0_131-b11)
# Java VM: Java HotSpot(TM) 64-Bit Server VM (25.131-b11 mixed mode linux-amd64 )
# Problematic frame:
# C  [libpthread.so.0+0x8ef5]  pthread_join+0xa5
#
# Failed to write core dump. Core dumps have been disabled. To enable core dumping, try "ulimit -c unlimited" before starting Java again
#
# An error report file with more information is saved as:
# /home/liyi/Projects/ptaxdta/data2/robot_navi/y26z15/hs_err_pid5859.log
#
# If you would like to submit a bug report, please visit:
#   http://bugreport.java.com/bugreport/crash.jsp
#
