-------------------------------------------------------------------------------
model checking data/robot_navi/y9_z15n 05.model : started at 2017年 04月 22日 星期六 12:54:01 CST
(this is a robot navigation model)
finished at 2017年 04月 22日 星期六 12:55:15 CST.
-------------------------------------------------------------------------------
model checking data/robot_navi/y9_z15n 07.model : started at 2017年 04月 22日 星期六 12:55:15 CST
(this is a robot navigation model)
finished at 2017年 04月 22日 星期六 13:07:00 CST.
-------------------------------------------------------------------------------
model checking data/robot_navi/y9_z15n 09.model : started at 2017年 04月 22日 星期六 13:07:00 CST
(this is a robot navigation model)
finished at 2017年 04月 22日 星期六 14:12:13 CST.
-------------------------------------------------------------------------------
model checking data/robot_navi/y9_z15n 11.model : started at 2017年 04月 22日 星期六 14:12:13 CST
(this is a robot navigation model)
finished at 2017年 04月 22日 星期六 18:41:31 CST.
-------------------------------------------------------------------------------
model checking data/robot_navi/y9_z15n 13.model : started at 2017年 04月 22日 星期六 18:41:31 CST
(this is a robot navigation model)
finished at 2017年 04月 23日 星期日 08:41:36 CST.
-------------------------------------------------------------------------------
model checking data/robot_navi/y9_z15n 15.model : started at 2017年 04月 23日 星期日 08:41:36 CST
(this is a robot navigation model)
