-------------------------------------------------------------------------------
model checking /home/liyi/Projects/ptaxdta/data/robot_navi/y9_z15n_4-10 04.model : started at Mon Apr 24 19:31:49 CST 2017
(this is a robot navigation model)
finished at Mon Apr 24 19:32:03 CST 2017.
-------------------------------------------------------------------------------
model checking /home/liyi/Projects/ptaxdta/data/robot_navi/y9_z15n_4-10 05.model : started at Mon Apr 24 19:32:03 CST 2017
(this is a robot navigation model)
finished at Mon Apr 24 19:32:57 CST 2017.
-------------------------------------------------------------------------------
model checking /home/liyi/Projects/ptaxdta/data/robot_navi/y9_z15n_4-10 06.model : started at Mon Apr 24 19:32:57 CST 2017
(this is a robot navigation model)
finished at Mon Apr 24 19:38:36 CST 2017.
-------------------------------------------------------------------------------
model checking /home/liyi/Projects/ptaxdta/data/robot_navi/y9_z15n_4-10 07.model : started at Mon Apr 24 19:38:36 CST 2017
(this is a robot navigation model)
finished at Mon Apr 24 19:55:23 CST 2017.
-------------------------------------------------------------------------------
model checking /home/liyi/Projects/ptaxdta/data/robot_navi/y9_z15n_4-10 08.model : started at Mon Apr 24 19:55:23 CST 2017
(this is a robot navigation model)
finished at Mon Apr 24 20:45:14 CST 2017.
-------------------------------------------------------------------------------
model checking /home/liyi/Projects/ptaxdta/data/robot_navi/y9_z15n_4-10 09.model : started at Mon Apr 24 20:45:14 CST 2017
(this is a robot navigation model)
finished at Mon Apr 24 22:26:34 CST 2017.
-------------------------------------------------------------------------------
model checking /home/liyi/Projects/ptaxdta/data/robot_navi/y9_z15n_4-10 10.model : started at Mon Apr 24 22:26:34 CST 2017
(this is a robot navigation model)
finished at Tue Apr 25 02:09:37 CST 2017.
